15:14:39 **** Clean-only build of configuration Release for project rescue_bots_arduino ****
make clean 
make: *** No rule to make target `clean'.  Stop.
15:16:14 **** Clean-only build of configuration Release for project rescue_bots_arduino ****
make clean 
make: *** No rule to make target `clean'.  Stop.
15:14:22 **** Clean-only build of configuration Release for project rescue_bots_arduino ****
make clean 
Command canceled
11:03:25 **** Clean-only build of configuration Release for project rescue_bots_arduino ****
make clean 
Command canceled
12:03:10 **** Clean-only build of configuration Release for project rescue_bots_arduino ****
make clean 
Command canceled
17:04:06 **** Clean-only build of configuration Release for project rescue_bots_arduino ****
make clean 
make: *** No rule to make target `clean'.  Stop.
14:25:57 **** Clean-only build of configuration Release for project rescue_bots_arduino ****
make clean 
Command canceled
10:09:57 **** Clean-only build of configuration Release for project rescue_bots_arduino ****
make clean 
make: *** No rule to make target `clean'.  Stop.
10:10:26 **** Build of configuration Release for project rescue_bots_arduino ****
make all 
Building file: ../.ino.cpp
Starting C++ compile
"/Applications/sloeber.app/Contents/Eclipse/arduinoPlugin/tools/esp8266/xtensa-lx106-elf-gcc/1.20.0-26-gb404fb9-2/bin/xtensa-lx106-elf-g++" -D__ets__ -DICACHE_FLASH -U__STRICT_ANSI__ "-I/Applications/sloeber.app/Contents/Eclipse/arduinoPlugin/packages/esp8266/hardware/esp8266/2.2.0/tools/sdk/include" "-I/Applications/sloeber.app/Contents/Eclipse/arduinoPlugin/packages/esp8266/hardware/esp8266/2.2.0/tools/sdk/lwip/include" -c -Os -g -mlongcalls -mtext-section-literals -fno-exceptions -fno-rtti -falign-functions=4 -std=c++11 -MMD -ffunction-sections -fdata-sections -DF_CPU=80000000L    -DARDUINO=10606 -DARDUINO_ESP8266_THING -DARDUINO_ARCH_ESP8266  -DESP8266   -I"/Applications/sloeber.app/Contents/Eclipse/arduinoPlugin/packages/esp8266/hardware/esp8266/2.2.0/cores/esp8266" -I"/Applications/sloeber.app/Contents/Eclipse/arduinoPlugin/packages/esp8266/hardware/esp8266/2.2.0/variants/thing" -MMD -MP -MF".ino.cpp.d" -MT".ino.cpp.o" -D__IN_ECLIPSE__=1 -x c++ "../.ino.cpp"  -o  ".ino.cpp.o"   -Wall
In file included from ../.ino.cpp:13:0:
../rescue_bots_arduino.ino: In function 'int connect()':
../rescue_bots_arduino.ino:117:1: warning: no return statement in function returning non-void [-Wreturn-type]
 }
 ^
Finished building: ../.ino.cpp
 
Building file: /Applications/sloeber.app/Contents/Eclipse/arduinoPlugin/packages/esp8266/hardware/esp8266/2.2.0/cores/esp8266/umm_malloc/umm_malloc.c
Starting C compile
"/Applications/sloeber.app/Contents/Eclipse/arduinoPlugin/tools/esp8266/xtensa-lx106-elf-gcc/1.20.0-26-gb404fb9-2/bin/xtensa-lx106-elf-gcc" -D__ets__ -DICACHE_FLASH -U__STRICT_ANSI__ "-I/Applications/sloeber.app/Contents/Eclipse/arduinoPlugin/packages/esp8266/hardware/esp8266/2.2.0/tools/sdk/include" "-I/Applications/sloeber.app/Contents/Eclipse/arduinoPlugin/packages/esp8266/hardware/esp8266/2.2.0/tools/sdk/lwip/include" -c -Os -g -Wpointer-arith -Wno-implicit-function-declaration -Wl,-EL -fno-inline-functions -nostdlib -mlongcalls -mtext-section-literals -falign-functions=4 -MMD -std=gnu99 -ffunction-sections -fdata-sections -DF_CPU=80000000L    -DARDUINO=10606 -DARDUINO_ESP8266_THING -DARDUINO_ARCH_ESP8266  -DESP8266   -I"/Applications/sloeber.app/Contents/Eclipse/arduinoPlugin/packages/esp8266/hardware/esp8266/2.2.0/cores/esp8266" -I"/Applications/sloeber.app/Contents/Eclipse/arduinoPlugin/packages/esp8266/hardware/esp8266/2.2.0/variants/thing" -MMD -MP -MF"core/umm_malloc.c.d" -MT"core/umm_malloc.c.o" -D__IN_ECLIPSE__=1 "/Applications/sloeber.app/Contents/Eclipse/arduinoPlugin/packages/esp8266/hardware/esp8266/2.2.0/cores/esp8266/umm_malloc/umm_malloc.c"  -o  "core/umm_malloc.c.o"   -Wall
Finished building: /Applications/sloeber.app/Contents/Eclipse/arduinoPlugin/packages/esp8266/hardware/esp8266/2.2.0/cores/esp8266/umm_malloc/umm_malloc.c
 
Building file: /Applications/sloeber.app/Contents/Eclipse/arduinoPlugin/packages/esp8266/hardware/esp8266/2.2.0/cores/esp8266/spiffs/spiffs_cache.c
Starting C compile
"/Applications/sloeber.app/Contents/Eclipse/arduinoPlugin/tools/esp8266/xtensa-lx106-elf-gcc/1.20.0-26-gb404fb9-2/bin/xtensa-lx106-elf-gcc" -D__ets__ -DICACHE_FLASH -U__STRICT_ANSI__ "-I/Applications/sloeber.app/Contents/Eclipse/arduinoPlugin/packages/esp8266/hardware/esp8266/2.2.0/tools/sdk/include" "-I/Applications/sloeber.app/Contents/Eclipse/arduinoPlugin/packages/esp8266/hardware/esp8266/2.2.0/tools/sdk/lwip/include" -c -Os -g -Wpointer-arith -Wno-implicit-function-declaration -Wl,-EL -fno-inline-functions -nostdlib -mlongcalls -mtext-section-literals -falign-functions=4 -MMD -std=gnu99 -ffunction-sections -fdata-sections -DF_CPU=80000000L    -DARDUINO=10606 -DARDUINO_ESP8266_THING -DARDUINO_ARCH_ESP8266  -DESP8266   -I"/Applications/sloeber.app/Contents/Eclipse/arduinoPlugin/packages/esp8266/hardware/esp8266/2.2.0/cores/esp8266" -I"/Applications/sloeber.app/Contents/Eclipse/arduinoPlugin/packages/esp8266/hardware/esp8266/2.2.0/variants/thing" -MMD -MP -MF"core/spiffs_cache.c.d" -MT"core/spiffs_cache.c.o" -D__IN_ECLIPSE__=1 "/Applications/sloeber.app/Contents/Eclipse/arduinoPlugin/packages/esp8266/hardware/esp8266/2.2.0/cores/esp8266/spiffs/spiffs_cache.c"  -o  "core/spiffs_cache.c.o"   -Wall
Finished building: /Applications/sloeber.app/Contents/Eclipse/arduinoPlugin/packages/esp8266/hardware/esp8266/2.2.0/cores/esp8266/spiffs/spiffs_cache.c
 
Building file: /Applications/sloeber.app/Contents/Eclipse/arduinoPlugin/packages/esp8266/hardware/esp8266/2.2.0/cores/esp8266/spiffs/spiffs_check.c
Starting C compile
"/Applications/sloeber.app/Contents/Eclipse/arduinoPlugin/tools/esp8266/xtensa-lx106-elf-gcc/1.20.0-26-gb404fb9-2/bin/xtensa-lx106-elf-gcc" -D__ets__ -DICACHE_FLASH -U__STRICT_ANSI__ "-I/Applications/sloeber.app/Contents/Eclipse/arduinoPlugin/packages/esp8266/hardware/esp8266/2.2.0/tools/sdk/include" "-I/Applications/sloeber.app/Contents/Eclipse/arduinoPlugin/packages/esp8266/hardware/esp8266/2.2.0/tools/sdk/lwip/include" -c -Os -g -Wpointer-arith -Wno-implicit-function-declaration -Wl,-EL -fno-inline-functions -nostdlib -mlongcalls -mtext-section-literals -falign-functions=4 -MMD -std=gnu99 -ffunction-sections -fdata-sections -DF_CPU=80000000L    -DARDUINO=10606 -DARDUINO_ESP8266_THING -DARDUINO_ARCH_ESP8266  -DESP8266   -I"/Applications/sloeber.app/Contents/Eclipse/arduinoPlugin/packages/esp8266/hardware/esp8266/2.2.0/cores/esp8266" -I"/Applications/sloeber.app/Contents/Eclipse/arduinoPlugin/packages/esp8266/hardware/esp8266/2.2.0/variants/thing" -MMD -MP -MF"core/spiffs_check.c.d" -MT"core/spiffs_check.c.o" -D__IN_ECLIPSE__=1 "/Applications/sloeber.app/Contents/Eclipse/arduinoPlugin/packages/esp8266/hardware/esp8266/2.2.0/cores/esp8266/spiffs/spiffs_check.c"  -o  "core/spiffs_check.c.o"   -Wall
Finished building: /Applications/sloeber.app/Contents/Eclipse/arduinoPlugin/packages/esp8266/hardware/esp8266/2.2.0/cores/esp8266/spiffs/spiffs_check.c
 
Building file: /Applications/sloeber.app/Contents/Eclipse/arduinoPlugin/packages/esp8266/hardware/esp8266/2.2.0/cores/esp8266/spiffs/spiffs_gc.c
Starting C compile
"/Applications/sloeber.app/Contents/Eclipse/arduinoPlugin/tools/esp8266/xtensa-lx106-elf-gcc/1.20.0-26-gb404fb9-2/bin/xtensa-lx106-elf-gcc" -D__ets__ -DICACHE_FLASH -U__STRICT_ANSI__ "-I/Applications/sloeber.app/Contents/Eclipse/arduinoPlugin/packages/esp8266/hardware/esp8266/2.2.0/tools/sdk/include" "-I/Applications/sloeber.app/Contents/Eclipse/arduinoPlugin/packages/esp8266/hardware/esp8266/2.2.0/tools/sdk/lwip/include" -c -Os -g -Wpointer-arith -Wno-implicit-function-declaration -Wl,-EL -fno-inline-functions -nostdlib -mlongcalls -mtext-section-literals -falign-functions=4 -MMD -std=gnu99 -ffunction-sections -fdata-sections -DF_CPU=80000000L    -DARDUINO=10606 -DARDUINO_ESP8266_THING -DARDUINO_ARCH_ESP8266  -DESP8266   -I"/Applications/sloeber.app/Contents/Eclipse/arduinoPlugin/packages/esp8266/hardware/esp8266/2.2.0/cores/esp8266" -I"/Applications/sloeber.app/Contents/Eclipse/arduinoPlugin/packages/esp8266/hardware/esp8266/2.2.0/variants/thing" -MMD -MP -MF"core/spiffs_gc.c.d" -MT"core/spiffs_gc.c.o" -D__IN_ECLIPSE__=1 "/Applications/sloeber.app/Contents/Eclipse/arduinoPlugin/packages/esp8266/hardware/esp8266/2.2.0/cores/esp8266/spiffs/spiffs_gc.c"  -o  "core/spiffs_gc.c.o"   -Wall
Finished building: /Applications/sloeber.app/Contents/Eclipse/arduinoPlugin/packages/esp8266/hardware/esp8266/2.2.0/cores/esp8266/spiffs/spiffs_gc.c
 
Building file: /Applications/sloeber.app/Contents/Eclipse/arduinoPlugin/packages/esp8266/hardware/esp8266/2.2.0/cores/esp8266/spiffs/spiffs_hydrogen.c
Starting C compile
"/Applications/sloeber.app/Contents/Eclipse/arduinoPlugin/tools/esp8266/xtensa-lx106-elf-gcc/1.20.0-26-gb404fb9-2/bin/xtensa-lx106-elf-gcc" -D__ets__ -DICACHE_FLASH -U__STRICT_ANSI__ "-I/Applications/sloeber.app/Contents/Eclipse/arduinoPlugin/packages/esp8266/hardware/esp8266/2.2.0/tools/sdk/include" "-I/Applications/sloeber.app/Contents/Eclipse/arduinoPlugin/packages/esp8266/hardware/esp8266/2.2.0/tools/sdk/lwip/include" -c -Os -g -Wpointer-arith -Wno-implicit-function-declaration -Wl,-EL -fno-inline-functions -nostdlib -mlongcalls -mtext-section-literals -falign-functions=4 -MMD -std=gnu99 -ffunction-sections -fdata-sections -DF_CPU=80000000L    -DARDUINO=10606 -DARDUINO_ESP8266_THING -DARDUINO_ARCH_ESP8266  -DESP8266   -I"/Applications/sloeber.app/Contents/Eclipse/arduinoPlugin/packages/esp8266/hardware/esp8266/2.2.0/cores/esp8266" -I"/Applications/sloeber.app/Contents/Eclipse/arduinoPlugin/packages/esp8266/hardware/esp8266/2.2.0/variants/thing" -MMD -MP -MF"core/spiffs_hydrogen.c.d" -MT"core/spiffs_hydrogen.c.o" -D__IN_ECLIPSE__=1 "/Applications/sloeber.app/Contents/Eclipse/arduinoPlugin/packages/esp8266/hardware/esp8266/2.2.0/cores/esp8266/spiffs/spiffs_hydrogen.c"  -o  "core/spiffs_hydrogen.c.o"   -Wall
Finished building: /Applications/sloeber.app/Contents/Eclipse/arduinoPlugin/packages/esp8266/hardware/esp8266/2.2.0/cores/esp8266/spiffs/spiffs_hydrogen.c
 
Building file: /Applications/sloeber.app/Contents/Eclipse/arduinoPlugin/packages/esp8266/hardware/esp8266/2.2.0/cores/esp8266/spiffs/spiffs_nucleus.c
Starting C compile
"/Applications/sloeber.app/Contents/Eclipse/arduinoPlugin/tools/esp8266/xtensa-lx106-elf-gcc/1.20.0-26-gb404fb9-2/bin/xtensa-lx106-elf-gcc" -D__ets__ -DICACHE_FLASH -U__STRICT_ANSI__ "-I/Applications/sloeber.app/Contents/Eclipse/arduinoPlugin/packages/esp8266/hardware/esp8266/2.2.0/tools/sdk/include" "-I/Applications/sloeber.app/Contents/Eclipse/arduinoPlugin/packages/esp8266/hardware/esp8266/2.2.0/tools/sdk/lwip/include" -c -Os -g -Wpointer-arith -Wno-implicit-function-declaration -Wl,-EL -fno-inline-functions -nostdlib -mlongcalls -mtext-section-literals -falign-functions=4 -MMD -std=gnu99 -ffunction-sections -fdata-sections -DF_CPU=80000000L    -DARDUINO=10606 -DARDUINO_ESP8266_THING -DARDUINO_ARCH_ESP8266  -DESP8266   -I"/Applications/sloeber.app/Contents/Eclipse/arduinoPlugin/packages/esp8266/hardware/esp8266/2.2.0/cores/esp8266" -I"/Applications/sloeber.app/Contents/Eclipse/arduinoPlugin/packages/esp8266/hardware/esp8266/2.2.0/variants/thing" -MMD -MP -MF"core/spiffs_nucleus.c.d" -MT"core/spiffs_nucleus.c.o" -D__IN_ECLIPSE__=1 "/Applications/sloeber.app/Contents/Eclipse/arduinoPlugin/packages/esp8266/hardware/esp8266/2.2.0/cores/esp8266/spiffs/spiffs_nucleus.c"  -o  "core/spiffs_nucleus.c.o"   -Wall
Finished building: /Applications/sloeber.app/Contents/Eclipse/arduinoPlugin/packages/esp8266/hardware/esp8266/2.2.0/cores/esp8266/spiffs/spiffs_nucleus.c
 
Building file: /Applications/sloeber.app/Contents/Eclipse/arduinoPlugin/packages/esp8266/hardware/esp8266/2.2.0/cores/esp8266/libb64/cdecode.c
Starting C compile
"/Applications/sloeber.app/Contents/Eclipse/arduinoPlugin/tools/esp8266/xtensa-lx106-elf-gcc/1.20.0-26-gb404fb9-2/bin/xtensa-lx106-elf-gcc" -D__ets__ -DICACHE_FLASH -U__STRICT_ANSI__ "-I/Applications/sloeber.app/Contents/Eclipse/arduinoPlugin/packages/esp8266/hardware/esp8266/2.2.0/tools/sdk/include" "-I/Applications/sloeber.app/Contents/Eclipse/arduinoPlugin/packages/esp8266/hardware/esp8266/2.2.0/tools/sdk/lwip/include" -c -Os -g -Wpointer-arith -Wno-implicit-function-declaration -Wl,-EL -fno-inline-functions -nostdlib -mlongcalls -mtext-section-literals -falign-functions=4 -MMD -std=gnu99 -ffunction-sections -fdata-sections -DF_CPU=80000000L    -DARDUINO=10606 -DARDUINO_ESP8266_THING -DARDUINO_ARCH_ESP8266  -DESP8266   -I"/Applications/sloeber.app/Contents/Eclipse/arduinoPlugin/packages/esp8266/hardware/esp8266/2.2.0/cores/esp8266" -I"/Applications/sloeber.app/Contents/Eclipse/arduinoPlugin/packages/esp8266/hardware/esp8266/2.2.0/variants/thing" -MMD -MP -MF"core/cdecode.c.d" -MT"core/cdecode.c.o" -D__IN_ECLIPSE__=1 "/Applications/sloeber.app/Contents/Eclipse/arduinoPlugin/packages/esp8266/hardware/esp8266/2.2.0/cores/esp8266/libb64/cdecode.c"  -o  "core/cdecode.c.o"   -Wall
Finished building: /Applications/sloeber.app/Contents/Eclipse/arduinoPlugin/packages/esp8266/hardware/esp8266/2.2.0/cores/esp8266/libb64/cdecode.c
 
Building file: /Applications/sloeber.app/Contents/Eclipse/arduinoPlugin/packages/esp8266/hardware/esp8266/2.2.0/cores/esp8266/libb64/cencode.c
Starting C compile
"/Applications/sloeber.app/Contents/Eclipse/arduinoPlugin/tools/esp8266/xtensa-lx106-elf-gcc/1.20.0-26-gb404fb9-2/bin/xtensa-lx106-elf-gcc" -D__ets__ -DICACHE_FLASH -U__STRICT_ANSI__ "-I/Applications/sloeber.app/Contents/Eclipse/arduinoPlugin/packages/esp8266/hardware/esp8266/2.2.0/tools/sdk/include" "-I/Applications/sloeber.app/Contents/Eclipse/arduinoPlugin/packages/esp8266/hardware/esp8266/2.2.0/tools/sdk/lwip/include" -c -Os -g -Wpointer-arith -Wno-implicit-function-declaration -Wl,-EL -fno-inline-functions -nostdlib -mlongcalls -mtext-section-literals -falign-functions=4 -MMD -std=gnu99 -ffunction-sections -fdata-sections -DF_CPU=80000000L    -DARDUINO=10606 -DARDUINO_ESP8266_THING -DARDUINO_ARCH_ESP8266  -DESP8266   -I"/Applications/sloeber.app/Contents/Eclipse/arduinoPlugin/packages/esp8266/hardware/esp8266/2.2.0/cores/esp8266" -I"/Applications/sloeber.app/Contents/Eclipse/arduinoPlugin/packages/esp8266/hardware/esp8266/2.2.0/variants/thing" -MMD -MP -MF"core/cencode.c.d" -MT"core/cencode.c.o" -D__IN_ECLIPSE__=1 "/Applications/sloeber.app/Contents/Eclipse/arduinoPlugin/packages/esp8266/hardware/esp8266/2.2.0/cores/esp8266/libb64/cencode.c"  -o  "core/cencode.c.o"   -Wall
Finished building: /Applications/sloeber.app/Contents/Eclipse/arduinoPlugin/packages/esp8266/hardware/esp8266/2.2.0/cores/esp8266/libb64/cencode.c
 
Building file: /Applications/sloeber.app/Contents/Eclipse/arduinoPlugin/packages/esp8266/hardware/esp8266/2.2.0/cores/esp8266/Esp.cpp
Starting C++ compile
"/Applications/sloeber.app/Contents/Eclipse/arduinoPlugin/tools/esp8266/xtensa-lx106-elf-gcc/1.20.0-26-gb404fb9-2/bin/xtensa-lx106-elf-g++" -D__ets__ -DICACHE_FLASH -U__STRICT_ANSI__ "-I/Applications/sloeber.app/Contents/Eclipse/arduinoPlugin/packages/esp8266/hardware/esp8266/2.2.0/tools/sdk/include" "-I/Applications/sloeber.app/Contents/Eclipse/arduinoPlugin/packages/esp8266/hardware/esp8266/2.2.0/tools/sdk/lwip/include" -c -Os -g -mlongcalls -mtext-section-literals -fno-exceptions -fno-rtti -falign-functions=4 -std=c++11 -MMD -ffunction-sections -fdata-sections -DF_CPU=80000000L    -DARDUINO=10606 -DARDUINO_ESP8266_THING -DARDUINO_ARCH_ESP8266  -DESP8266   -I"/Applications/sloeber.app/Contents/Eclipse/arduinoPlugin/packages/esp8266/hardware/esp8266/2.2.0/cores/esp8266" -I"/Applications/sloeber.app/Contents/Eclipse/arduinoPlugin/packages/esp8266/hardware/esp8266/2.2.0/variants/thing" -MMD -MP -MF"core/Esp.cpp.d" -MT"core/Esp.cpp.o" -D__IN_ECLIPSE__=1 -x c++ "/Applications/sloeber.app/Contents/Eclipse/arduinoPlugin/packages/esp8266/hardware/esp8266/2.2.0/cores/esp8266/Esp.cpp"  -o  "core/Esp.cpp.o"   -Wall
Finished building: /Applications/sloeber.app/Contents/Eclipse/arduinoPlugin/packages/esp8266/hardware/esp8266/2.2.0/cores/esp8266/Esp.cpp
 
Building file: /Applications/sloeber.app/Contents/Eclipse/arduinoPlugin/packages/esp8266/hardware/esp8266/2.2.0/cores/esp8266/FS.cpp
Starting C++ compile
"/Applications/sloeber.app/Contents/Eclipse/arduinoPlugin/tools/esp8266/xtensa-lx106-elf-gcc/1.20.0-26-gb404fb9-2/bin/xtensa-lx106-elf-g++" -D__ets__ -DICACHE_FLASH -U__STRICT_ANSI__ "-I/Applications/sloeber.app/Contents/Eclipse/arduinoPlugin/packages/esp8266/hardware/esp8266/2.2.0/tools/sdk/include" "-I/Applications/sloeber.app/Contents/Eclipse/arduinoPlugin/packages/esp8266/hardware/esp8266/2.2.0/tools/sdk/lwip/include" -c -Os -g -mlongcalls -mtext-section-literals -fno-exceptions -fno-rtti -falign-functions=4 -std=c++11 -MMD -ffunction-sections -fdata-sections -DF_CPU=80000000L    -DARDUINO=10606 -DARDUINO_ESP8266_THING -DARDUINO_ARCH_ESP8266  -DESP8266   -I"/Applications/sloeber.app/Contents/Eclipse/arduinoPlugin/packages/esp8266/hardware/esp8266/2.2.0/cores/esp8266" -I"/Applications/sloeber.app/Contents/Eclipse/arduinoPlugin/packages/esp8266/hardware/esp8266/2.2.0/variants/thing" -MMD -MP -MF"core/FS.cpp.d" -MT"core/FS.cpp.o" -D__IN_ECLIPSE__=1 -x c++ "/Applications/sloeber.app/Contents/Eclipse/arduinoPlugin/packages/esp8266/hardware/esp8266/2.2.0/cores/esp8266/FS.cpp"  -o  "core/FS.cpp.o"   -Wall
Finished building: /Applications/sloeber.app/Contents/Eclipse/arduinoPlugin/packages/esp8266/hardware/esp8266/2.2.0/cores/esp8266/FS.cpp
 
Building file: /Applications/sloeber.app/Contents/Eclipse/arduinoPlugin/packages/esp8266/hardware/esp8266/2.2.0/cores/esp8266/HardwareSerial.cpp
Starting C++ compile
"/Applications/sloeber.app/Contents/Eclipse/arduinoPlugin/tools/esp8266/xtensa-lx106-elf-gcc/1.20.0-26-gb404fb9-2/bin/xtensa-lx106-elf-g++" -D__ets__ -DICACHE_FLASH -U__STRICT_ANSI__ "-I/Applications/sloeber.app/Contents/Eclipse/arduinoPlugin/packages/esp8266/hardware/esp8266/2.2.0/tools/sdk/include" "-I/Applications/sloeber.app/Contents/Eclipse/arduinoPlugin/packages/esp8266/hardware/esp8266/2.2.0/tools/sdk/lwip/include" -c -Os -g -mlongcalls -mtext-section-literals -fno-exceptions -fno-rtti -falign-functions=4 -std=c++11 -MMD -ffunction-sections -fdata-sections -DF_CPU=80000000L    -DARDUINO=10606 -DARDUINO_ESP8266_THING -DARDUINO_ARCH_ESP8266  -DESP8266   -I"/Applications/sloeber.app/Contents/Eclipse/arduinoPlugin/packages/esp8266/hardware/esp8266/2.2.0/cores/esp8266" -I"/Applications/sloeber.app/Contents/Eclipse/arduinoPlugin/packages/esp8266/hardware/esp8266/2.2.0/variants/thing" -MMD -MP -MF"core/HardwareSerial.cpp.d" -MT"core/HardwareSerial.cpp.o" -D__IN_ECLIPSE__=1 -x c++ "/Applications/sloeber.app/Contents/Eclipse/arduinoPlugin/packages/esp8266/hardware/esp8266/2.2.0/cores/esp8266/HardwareSerial.cpp"  -o  "core/HardwareSerial.cpp.o"   -Wall
Finished building: /Applications/sloeber.app/Contents/Eclipse/arduinoPlugin/packages/esp8266/hardware/esp8266/2.2.0/cores/esp8266/HardwareSerial.cpp
 
Building file: /Applications/sloeber.app/Contents/Eclipse/arduinoPlugin/packages/esp8266/hardware/esp8266/2.2.0/cores/esp8266/IPAddress.cpp
Starting C++ compile
"/Applications/sloeber.app/Contents/Eclipse/arduinoPlugin/tools/esp8266/xtensa-lx106-elf-gcc/1.20.0-26-gb404fb9-2/bin/xtensa-lx106-elf-g++" -D__ets__ -DICACHE_FLASH -U__STRICT_ANSI__ "-I/Applications/sloeber.app/Contents/Eclipse/arduinoPlugin/packages/esp8266/hardware/esp8266/2.2.0/tools/sdk/include" "-I/Applications/sloeber.app/Contents/Eclipse/arduinoPlugin/packages/esp8266/hardware/esp8266/2.2.0/tools/sdk/lwip/include" -c -Os -g -mlongcalls -mtext-section-literals -fno-exceptions -fno-rtti -falign-functions=4 -std=c++11 -MMD -ffunction-sections -fdata-sections -DF_CPU=80000000L    -DARDUINO=10606 -DARDUINO_ESP8266_THING -DARDUINO_ARCH_ESP8266  -DESP8266   -I"/Applications/sloeber.app/Contents/Eclipse/arduinoPlugin/packages/esp8266/hardware/esp8266/2.2.0/cores/esp8266" -I"/Applications/sloeber.app/Contents/Eclipse/arduinoPlugin/packages/esp8266/hardware/esp8266/2.2.0/variants/thing" -MMD -MP -MF"core/IPAddress.cpp.d" -MT"core/IPAddress.cpp.o" -D__IN_ECLIPSE__=1 -x c++ "/Applications/sloeber.app/Contents/Eclipse/arduinoPlugin/packages/esp8266/hardware/esp8266/2.2.0/cores/esp8266/IPAddress.cpp"  -o  "core/IPAddress.cpp.o"   -Wall
Finished building: /Applications/sloeber.app/Contents/Eclipse/arduinoPlugin/packages/esp8266/hardware/esp8266/2.2.0/cores/esp8266/IPAddress.cpp
 
Building file: /Applications/sloeber.app/Contents/Eclipse/arduinoPlugin/packages/esp8266/hardware/esp8266/2.2.0/cores/esp8266/MD5Builder.cpp
Starting C++ compile
"/Applications/sloeber.app/Contents/Eclipse/arduinoPlugin/tools/esp8266/xtensa-lx106-elf-gcc/1.20.0-26-gb404fb9-2/bin/xtensa-lx106-elf-g++" -D__ets__ -DICACHE_FLASH -U__STRICT_ANSI__ "-I/Applications/sloeber.app/Contents/Eclipse/arduinoPlugin/packages/esp8266/hardware/esp8266/2.2.0/tools/sdk/include" "-I/Applications/sloeber.app/Contents/Eclipse/arduinoPlugin/packages/esp8266/hardware/esp8266/2.2.0/tools/sdk/lwip/include" -c -Os -g -mlongcalls -mtext-section-literals -fno-exceptions -fno-rtti -falign-functions=4 -std=c++11 -MMD -ffunction-sections -fdata-sections -DF_CPU=80000000L    -DARDUINO=10606 -DARDUINO_ESP8266_THING -DARDUINO_ARCH_ESP8266  -DESP8266   -I"/Applications/sloeber.app/Contents/Eclipse/arduinoPlugin/packages/esp8266/hardware/esp8266/2.2.0/cores/esp8266" -I"/Applications/sloeber.app/Contents/Eclipse/arduinoPlugin/packages/esp8266/hardware/esp8266/2.2.0/variants/thing" -MMD -MP -MF"core/MD5Builder.cpp.d" -MT"core/MD5Builder.cpp.o" -D__IN_ECLIPSE__=1 -x c++ "/Applications/sloeber.app/Contents/Eclipse/arduinoPlugin/packages/esp8266/hardware/esp8266/2.2.0/cores/esp8266/MD5Builder.cpp"  -o  "core/MD5Builder.cpp.o"   -Wall
Finished building: /Applications/sloeber.app/Contents/Eclipse/arduinoPlugin/packages/esp8266/hardware/esp8266/2.2.0/cores/esp8266/MD5Builder.cpp
 
Building file: /Applications/sloeber.app/Contents/Eclipse/arduinoPlugin/packages/esp8266/hardware/esp8266/2.2.0/cores/esp8266/Print.cpp
Starting C++ compile
"/Applications/sloeber.app/Contents/Eclipse/arduinoPlugin/tools/esp8266/xtensa-lx106-elf-gcc/1.20.0-26-gb404fb9-2/bin/xtensa-lx106-elf-g++" -D__ets__ -DICACHE_FLASH -U__STRICT_ANSI__ "-I/Applications/sloeber.app/Contents/Eclipse/arduinoPlugin/packages/esp8266/hardware/esp8266/2.2.0/tools/sdk/include" "-I/Applications/sloeber.app/Contents/Eclipse/arduinoPlugin/packages/esp8266/hardware/esp8266/2.2.0/tools/sdk/lwip/include" -c -Os -g -mlongcalls -mtext-section-literals -fno-exceptions -fno-rtti -falign-functions=4 -std=c++11 -MMD -ffunction-sections -fdata-sections -DF_CPU=80000000L    -DARDUINO=10606 -DARDUINO_ESP8266_THING -DARDUINO_ARCH_ESP8266  -DESP8266   -I"/Applications/sloeber.app/Contents/Eclipse/arduinoPlugin/packages/esp8266/hardware/esp8266/2.2.0/cores/esp8266" -I"/Applications/sloeber.app/Contents/Eclipse/arduinoPlugin/packages/esp8266/hardware/esp8266/2.2.0/variants/thing" -MMD -MP -MF"core/Print.cpp.d" -MT"core/Print.cpp.o" -D__IN_ECLIPSE__=1 -x c++ "/Applications/sloeber.app/Contents/Eclipse/arduinoPlugin/packages/esp8266/hardware/esp8266/2.2.0/cores/esp8266/Print.cpp"  -o  "core/Print.cpp.o"   -Wall
Finished building: /Applications/sloeber.app/Contents/Eclipse/arduinoPlugin/packages/esp8266/hardware/esp8266/2.2.0/cores/esp8266/Print.cpp
 
Building file: /Applications/sloeber.app/Contents/Eclipse/arduinoPlugin/packages/esp8266/hardware/esp8266/2.2.0/cores/esp8266/Stream.cpp
Starting C++ compile
"/Applications/sloeber.app/Contents/Eclipse/arduinoPlugin/tools/esp8266/xtensa-lx106-elf-gcc/1.20.0-26-gb404fb9-2/bin/xtensa-lx106-elf-g++" -D__ets__ -DICACHE_FLASH -U__STRICT_ANSI__ "-I/Applications/sloeber.app/Contents/Eclipse/arduinoPlugin/packages/esp8266/hardware/esp8266/2.2.0/tools/sdk/include" "-I/Applications/sloeber.app/Contents/Eclipse/arduinoPlugin/packages/esp8266/hardware/esp8266/2.2.0/tools/sdk/lwip/include" -c -Os -g -mlongcalls -mtext-section-literals -fno-exceptions -fno-rtti -falign-functions=4 -std=c++11 -MMD -ffunction-sections -fdata-sections -DF_CPU=80000000L    -DARDUINO=10606 -DARDUINO_ESP8266_THING -DARDUINO_ARCH_ESP8266  -DESP8266   -I"/Applications/sloeber.app/Contents/Eclipse/arduinoPlugin/packages/esp8266/hardware/esp8266/2.2.0/cores/esp8266" -I"/Applications/sloeber.app/Contents/Eclipse/arduinoPlugin/packages/esp8266/hardware/esp8266/2.2.0/variants/thing" -MMD -MP -MF"core/Stream.cpp.d" -MT"core/Stream.cpp.o" -D__IN_ECLIPSE__=1 -x c++ "/Applications/sloeber.app/Contents/Eclipse/arduinoPlugin/packages/esp8266/hardware/esp8266/2.2.0/cores/esp8266/Stream.cpp"  -o  "core/Stream.cpp.o"   -Wall
Finished building: /Applications/sloeber.app/Contents/Eclipse/arduinoPlugin/packages/esp8266/hardware/esp8266/2.2.0/cores/esp8266/Stream.cpp
 
Building file: /Applications/sloeber.app/Contents/Eclipse/arduinoPlugin/packages/esp8266/hardware/esp8266/2.2.0/cores/esp8266/StreamString.cpp
Starting C++ compile
"/Applications/sloeber.app/Contents/Eclipse/arduinoPlugin/tools/esp8266/xtensa-lx106-elf-gcc/1.20.0-26-gb404fb9-2/bin/xtensa-lx106-elf-g++" -D__ets__ -DICACHE_FLASH -U__STRICT_ANSI__ "-I/Applications/sloeber.app/Contents/Eclipse/arduinoPlugin/packages/esp8266/hardware/esp8266/2.2.0/tools/sdk/include" "-I/Applications/sloeber.app/Contents/Eclipse/arduinoPlugin/packages/esp8266/hardware/esp8266/2.2.0/tools/sdk/lwip/include" -c -Os -g -mlongcalls -mtext-section-literals -fno-exceptions -fno-rtti -falign-functions=4 -std=c++11 -MMD -ffunction-sections -fdata-sections -DF_CPU=80000000L    -DARDUINO=10606 -DARDUINO_ESP8266_THING -DARDUINO_ARCH_ESP8266  -DESP8266   -I"/Applications/sloeber.app/Contents/Eclipse/arduinoPlugin/packages/esp8266/hardware/esp8266/2.2.0/cores/esp8266" -I"/Applications/sloeber.app/Contents/Eclipse/arduinoPlugin/packages/esp8266/hardware/esp8266/2.2.0/variants/thing" -MMD -MP -MF"core/StreamString.cpp.d" -MT"core/StreamString.cpp.o" -D__IN_ECLIPSE__=1 -x c++ "/Applications/sloeber.app/Contents/Eclipse/arduinoPlugin/packages/esp8266/hardware/esp8266/2.2.0/cores/esp8266/StreamString.cpp"  -o  "core/StreamString.cpp.o"   -Wall
Finished building: /Applications/sloeber.app/Contents/Eclipse/arduinoPlugin/packages/esp8266/hardware/esp8266/2.2.0/cores/esp8266/StreamString.cpp
 
Building file: /Applications/sloeber.app/Contents/Eclipse/arduinoPlugin/packages/esp8266/hardware/esp8266/2.2.0/cores/esp8266/Tone.cpp
Starting C++ compile
"/Applications/sloeber.app/Contents/Eclipse/arduinoPlugin/tools/esp8266/xtensa-lx106-elf-gcc/1.20.0-26-gb404fb9-2/bin/xtensa-lx106-elf-g++" -D__ets__ -DICACHE_FLASH -U__STRICT_ANSI__ "-I/Applications/sloeber.app/Contents/Eclipse/arduinoPlugin/packages/esp8266/hardware/esp8266/2.2.0/tools/sdk/include" "-I/Applications/sloeber.app/Contents/Eclipse/arduinoPlugin/packages/esp8266/hardware/esp8266/2.2.0/tools/sdk/lwip/include" -c -Os -g -mlongcalls -mtext-section-literals -fno-exceptions -fno-rtti -falign-functions=4 -std=c++11 -MMD -ffunction-sections -fdata-sections -DF_CPU=80000000L    -DARDUINO=10606 -DARDUINO_ESP8266_THING -DARDUINO_ARCH_ESP8266  -DESP8266   -I"/Applications/sloeber.app/Contents/Eclipse/arduinoPlugin/packages/esp8266/hardware/esp8266/2.2.0/cores/esp8266" -I"/Applications/sloeber.app/Contents/Eclipse/arduinoPlugin/packages/esp8266/hardware/esp8266/2.2.0/variants/thing" -MMD -MP -MF"core/Tone.cpp.d" -MT"core/Tone.cpp.o" -D__IN_ECLIPSE__=1 -x c++ "/Applications/sloeber.app/Contents/Eclipse/arduinoPlugin/packages/esp8266/hardware/esp8266/2.2.0/cores/esp8266/Tone.cpp"  -o  "core/Tone.cpp.o"   -Wall
Finished building: /Applications/sloeber.app/Contents/Eclipse/arduinoPlugin/packages/esp8266/hardware/esp8266/2.2.0/cores/esp8266/Tone.cpp
 
Building file: /Applications/sloeber.app/Contents/Eclipse/arduinoPlugin/packages/esp8266/hardware/esp8266/2.2.0/cores/esp8266/Updater.cpp
Starting C++ compile
"/Applications/sloeber.app/Contents/Eclipse/arduinoPlugin/tools/esp8266/xtensa-lx106-elf-gcc/1.20.0-26-gb404fb9-2/bin/xtensa-lx106-elf-g++" -D__ets__ -DICACHE_FLASH -U__STRICT_ANSI__ "-I/Applications/sloeber.app/Contents/Eclipse/arduinoPlugin/packages/esp8266/hardware/esp8266/2.2.0/tools/sdk/include" "-I/Applications/sloeber.app/Contents/Eclipse/arduinoPlugin/packages/esp8266/hardware/esp8266/2.2.0/tools/sdk/lwip/include" -c -Os -g -mlongcalls -mtext-section-literals -fno-exceptions -fno-rtti -falign-functions=4 -std=c++11 -MMD -ffunction-sections -fdata-sections -DF_CPU=80000000L    -DARDUINO=10606 -DARDUINO_ESP8266_THING -DARDUINO_ARCH_ESP8266  -DESP8266   -I"/Applications/sloeber.app/Contents/Eclipse/arduinoPlugin/packages/esp8266/hardware/esp8266/2.2.0/cores/esp8266" -I"/Applications/sloeber.app/Contents/Eclipse/arduinoPlugin/packages/esp8266/hardware/esp8266/2.2.0/variants/thing" -MMD -MP -MF"core/Updater.cpp.d" -MT"core/Updater.cpp.o" -D__IN_ECLIPSE__=1 -x c++ "/Applications/sloeber.app/Contents/Eclipse/arduinoPlugin/packages/esp8266/hardware/esp8266/2.2.0/cores/esp8266/Updater.cpp"  -o  "core/Updater.cpp.o"   -Wall
Finished building: /Applications/sloeber.app/Contents/Eclipse/arduinoPlugin/packages/esp8266/hardware/esp8266/2.2.0/cores/esp8266/Updater.cpp
 
Building file: /Applications/sloeber.app/Contents/Eclipse/arduinoPlugin/packages/esp8266/hardware/esp8266/2.2.0/cores/esp8266/WMath.cpp
Starting C++ compile
"/Applications/sloeber.app/Contents/Eclipse/arduinoPlugin/tools/esp8266/xtensa-lx106-elf-gcc/1.20.0-26-gb404fb9-2/bin/xtensa-lx106-elf-g++" -D__ets__ -DICACHE_FLASH -U__STRICT_ANSI__ "-I/Applications/sloeber.app/Contents/Eclipse/arduinoPlugin/packages/esp8266/hardware/esp8266/2.2.0/tools/sdk/include" "-I/Applications/sloeber.app/Contents/Eclipse/arduinoPlugin/packages/esp8266/hardware/esp8266/2.2.0/tools/sdk/lwip/include" -c -Os -g -mlongcalls -mtext-section-literals -fno-exceptions -fno-rtti -falign-functions=4 -std=c++11 -MMD -ffunction-sections -fdata-sections -DF_CPU=80000000L    -DARDUINO=10606 -DARDUINO_ESP8266_THING -DARDUINO_ARCH_ESP8266  -DESP8266   -I"/Applications/sloeber.app/Contents/Eclipse/arduinoPlugin/packages/esp8266/hardware/esp8266/2.2.0/cores/esp8266" -I"/Applications/sloeber.app/Contents/Eclipse/arduinoPlugin/packages/esp8266/hardware/esp8266/2.2.0/variants/thing" -MMD -MP -MF"core/WMath.cpp.d" -MT"core/WMath.cpp.o" -D__IN_ECLIPSE__=1 -x c++ "/Applications/sloeber.app/Contents/Eclipse/arduinoPlugin/packages/esp8266/hardware/esp8266/2.2.0/cores/esp8266/WMath.cpp"  -o  "core/WMath.cpp.o"   -Wall
Finished building: /Applications/sloeber.app/Contents/Eclipse/arduinoPlugin/packages/esp8266/hardware/esp8266/2.2.0/cores/esp8266/WMath.cpp
 
Building file: /Applications/sloeber.app/Contents/Eclipse/arduinoPlugin/packages/esp8266/hardware/esp8266/2.2.0/cores/esp8266/WString.cpp
Starting C++ compile
"/Applications/sloeber.app/Contents/Eclipse/arduinoPlugin/tools/esp8266/xtensa-lx106-elf-gcc/1.20.0-26-gb404fb9-2/bin/xtensa-lx106-elf-g++" -D__ets__ -DICACHE_FLASH -U__STRICT_ANSI__ "-I/Applications/sloeber.app/Contents/Eclipse/arduinoPlugin/packages/esp8266/hardware/esp8266/2.2.0/tools/sdk/include" "-I/Applications/sloeber.app/Contents/Eclipse/arduinoPlugin/packages/esp8266/hardware/esp8266/2.2.0/tools/sdk/lwip/include" -c -Os -g -mlongcalls -mtext-section-literals -fno-exceptions -fno-rtti -falign-functions=4 -std=c++11 -MMD -ffunction-sections -fdata-sections -DF_CPU=80000000L    -DARDUINO=10606 -DARDUINO_ESP8266_THING -DARDUINO_ARCH_ESP8266  -DESP8266   -I"/Applications/sloeber.app/Contents/Eclipse/arduinoPlugin/packages/esp8266/hardware/esp8266/2.2.0/cores/esp8266" -I"/Applications/sloeber.app/Contents/Eclipse/arduinoPlugin/packages/esp8266/hardware/esp8266/2.2.0/variants/thing" -MMD -MP -MF"core/WString.cpp.d" -MT"core/WString.cpp.o" -D__IN_ECLIPSE__=1 -x c++ "/Applications/sloeber.app/Contents/Eclipse/arduinoPlugin/packages/esp8266/hardware/esp8266/2.2.0/cores/esp8266/WString.cpp"  -o  "core/WString.cpp.o"   -Wall
Finished building: /Applications/sloeber.app/Contents/Eclipse/arduinoPlugin/packages/esp8266/hardware/esp8266/2.2.0/cores/esp8266/WString.cpp
 
Building file: /Applications/sloeber.app/Contents/Eclipse/arduinoPlugin/packages/esp8266/hardware/esp8266/2.2.0/cores/esp8266/abi.cpp
Starting C++ compile
"/Applications/sloeber.app/Contents/Eclipse/arduinoPlugin/tools/esp8266/xtensa-lx106-elf-gcc/1.20.0-26-gb404fb9-2/bin/xtensa-lx106-elf-g++" -D__ets__ -DICACHE_FLASH -U__STRICT_ANSI__ "-I/Applications/sloeber.app/Contents/Eclipse/arduinoPlugin/packages/esp8266/hardware/esp8266/2.2.0/tools/sdk/include" "-I/Applications/sloeber.app/Contents/Eclipse/arduinoPlugin/packages/esp8266/hardware/esp8266/2.2.0/tools/sdk/lwip/include" -c -Os -g -mlongcalls -mtext-section-literals -fno-exceptions -fno-rtti -falign-functions=4 -std=c++11 -MMD -ffunction-sections -fdata-sections -DF_CPU=80000000L    -DARDUINO=10606 -DARDUINO_ESP8266_THING -DARDUINO_ARCH_ESP8266  -DESP8266   -I"/Applications/sloeber.app/Contents/Eclipse/arduinoPlugin/packages/esp8266/hardware/esp8266/2.2.0/cores/esp8266" -I"/Applications/sloeber.app/Contents/Eclipse/arduinoPlugin/packages/esp8266/hardware/esp8266/2.2.0/variants/thing" -MMD -MP -MF"core/abi.cpp.d" -MT"core/abi.cpp.o" -D__IN_ECLIPSE__=1 -x c++ "/Applications/sloeber.app/Contents/Eclipse/arduinoPlugin/packages/esp8266/hardware/esp8266/2.2.0/cores/esp8266/abi.cpp"  -o  "core/abi.cpp.o"   -Wall
Finished building: /Applications/sloeber.app/Contents/Eclipse/arduinoPlugin/packages/esp8266/hardware/esp8266/2.2.0/cores/esp8266/abi.cpp
 
Building file: /Applications/sloeber.app/Contents/Eclipse/arduinoPlugin/packages/esp8266/hardware/esp8266/2.2.0/cores/esp8266/base64.cpp
Starting C++ compile
"/Applications/sloeber.app/Contents/Eclipse/arduinoPlugin/tools/esp8266/xtensa-lx106-elf-gcc/1.20.0-26-gb404fb9-2/bin/xtensa-lx106-elf-g++" -D__ets__ -DICACHE_FLASH -U__STRICT_ANSI__ "-I/Applications/sloeber.app/Contents/Eclipse/arduinoPlugin/packages/esp8266/hardware/esp8266/2.2.0/tools/sdk/include" "-I/Applications/sloeber.app/Contents/Eclipse/arduinoPlugin/packages/esp8266/hardware/esp8266/2.2.0/tools/sdk/lwip/include" -c -Os -g -mlongcalls -mtext-section-literals -fno-exceptions -fno-rtti -falign-functions=4 -std=c++11 -MMD -ffunction-sections -fdata-sections -DF_CPU=80000000L    -DARDUINO=10606 -DARDUINO_ESP8266_THING -DARDUINO_ARCH_ESP8266  -DESP8266   -I"/Applications/sloeber.app/Contents/Eclipse/arduinoPlugin/packages/esp8266/hardware/esp8266/2.2.0/cores/esp8266" -I"/Applications/sloeber.app/Contents/Eclipse/arduinoPlugin/packages/esp8266/hardware/esp8266/2.2.0/variants/thing" -MMD -MP -MF"core/base64.cpp.d" -MT"core/base64.cpp.o" -D__IN_ECLIPSE__=1 -x c++ "/Applications/sloeber.app/Contents/Eclipse/arduinoPlugin/packages/esp8266/hardware/esp8266/2.2.0/cores/esp8266/base64.cpp"  -o  "core/base64.cpp.o"   -Wall
Finished building: /Applications/sloeber.app/Contents/Eclipse/arduinoPlugin/packages/esp8266/hardware/esp8266/2.2.0/cores/esp8266/base64.cpp
 
Building file: /Applications/sloeber.app/Contents/Eclipse/arduinoPlugin/packages/esp8266/hardware/esp8266/2.2.0/cores/esp8266/cbuf.cpp
Starting C++ compile
"/Applications/sloeber.app/Contents/Eclipse/arduinoPlugin/tools/esp8266/xtensa-lx106-elf-gcc/1.20.0-26-gb404fb9-2/bin/xtensa-lx106-elf-g++" -D__ets__ -DICACHE_FLASH -U__STRICT_ANSI__ "-I/Applications/sloeber.app/Contents/Eclipse/arduinoPlugin/packages/esp8266/hardware/esp8266/2.2.0/tools/sdk/include" "-I/Applications/sloeber.app/Contents/Eclipse/arduinoPlugin/packages/esp8266/hardware/esp8266/2.2.0/tools/sdk/lwip/include" -c -Os -g -mlongcalls -mtext-section-literals -fno-exceptions -fno-rtti -falign-functions=4 -std=c++11 -MMD -ffunction-sections -fdata-sections -DF_CPU=80000000L    -DARDUINO=10606 -DARDUINO_ESP8266_THING -DARDUINO_ARCH_ESP8266  -DESP8266   -I"/Applications/sloeber.app/Contents/Eclipse/arduinoPlugin/packages/esp8266/hardware/esp8266/2.2.0/cores/esp8266" -I"/Applications/sloeber.app/Contents/Eclipse/arduinoPlugin/packages/esp8266/hardware/esp8266/2.2.0/variants/thing" -MMD -MP -MF"core/cbuf.cpp.d" -MT"core/cbuf.cpp.o" -D__IN_ECLIPSE__=1 -x c++ "/Applications/sloeber.app/Contents/Eclipse/arduinoPlugin/packages/esp8266/hardware/esp8266/2.2.0/cores/esp8266/cbuf.cpp"  -o  "core/cbuf.cpp.o"   -Wall
Finished building: /Applications/sloeber.app/Contents/Eclipse/arduinoPlugin/packages/esp8266/hardware/esp8266/2.2.0/cores/esp8266/cbuf.cpp
 
Building file: /Applications/sloeber.app/Contents/Eclipse/arduinoPlugin/packages/esp8266/hardware/esp8266/2.2.0/cores/esp8266/cont.S
Starting S compile
"/Applications/sloeber.app/Contents/Eclipse/arduinoPlugin/tools/esp8266/xtensa-lx106-elf-gcc/1.20.0-26-gb404fb9-2/bin/xtensa-lx106-elf-gcc" -D__ets__ -DICACHE_FLASH -U__STRICT_ANSI__ "-I/Applications/sloeber.app/Contents/Eclipse/arduinoPlugin/packages/esp8266/hardware/esp8266/2.2.0/tools/sdk/include" "-I/Applications/sloeber.app/Contents/Eclipse/arduinoPlugin/packages/esp8266/hardware/esp8266/2.2.0/tools/sdk/lwip/include" -c -g -x assembler-with-cpp -MMD -mlongcalls -DF_CPU=80000000L    -DARDUINO=10606 -DARDUINO_ESP8266_THING -DARDUINO_ARCH_ESP8266  -DESP8266   -MMD -MP -MF"core/cont.S.d" -MT"core/cont.S.o" -D__IN_ECLIPSE__=1 "/Applications/sloeber.app/Contents/Eclipse/arduinoPlugin/packages/esp8266/hardware/esp8266/2.2.0/cores/esp8266/cont.S"  -o  "core/cont.S.o"   -Wall
Finished building: /Applications/sloeber.app/Contents/Eclipse/arduinoPlugin/packages/esp8266/hardware/esp8266/2.2.0/cores/esp8266/cont.S
 
Building file: /Applications/sloeber.app/Contents/Eclipse/arduinoPlugin/packages/esp8266/hardware/esp8266/2.2.0/cores/esp8266/cont_util.c
Starting C compile
"/Applications/sloeber.app/Contents/Eclipse/arduinoPlugin/tools/esp8266/xtensa-lx106-elf-gcc/1.20.0-26-gb404fb9-2/bin/xtensa-lx106-elf-gcc" -D__ets__ -DICACHE_FLASH -U__STRICT_ANSI__ "-I/Applications/sloeber.app/Contents/Eclipse/arduinoPlugin/packages/esp8266/hardware/esp8266/2.2.0/tools/sdk/include" "-I/Applications/sloeber.app/Contents/Eclipse/arduinoPlugin/packages/esp8266/hardware/esp8266/2.2.0/tools/sdk/lwip/include" -c -Os -g -Wpointer-arith -Wno-implicit-function-declaration -Wl,-EL -fno-inline-functions -nostdlib -mlongcalls -mtext-section-literals -falign-functions=4 -MMD -std=gnu99 -ffunction-sections -fdata-sections -DF_CPU=80000000L    -DARDUINO=10606 -DARDUINO_ESP8266_THING -DARDUINO_ARCH_ESP8266  -DESP8266   -I"/Applications/sloeber.app/Contents/Eclipse/arduinoPlugin/packages/esp8266/hardware/esp8266/2.2.0/cores/esp8266" -I"/Applications/sloeber.app/Contents/Eclipse/arduinoPlugin/packages/esp8266/hardware/esp8266/2.2.0/variants/thing" -MMD -MP -MF"core/cont_util.c.d" -MT"core/cont_util.c.o" -D__IN_ECLIPSE__=1 "/Applications/sloeber.app/Contents/Eclipse/arduinoPlugin/packages/esp8266/hardware/esp8266/2.2.0/cores/esp8266/cont_util.c"  -o  "core/cont_util.c.o"   -Wall
Finished building: /Applications/sloeber.app/Contents/Eclipse/arduinoPlugin/packages/esp8266/hardware/esp8266/2.2.0/cores/esp8266/cont_util.c
 
Building file: /Applications/sloeber.app/Contents/Eclipse/arduinoPlugin/packages/esp8266/hardware/esp8266/2.2.0/cores/esp8266/core_esp8266_eboot_command.c
Starting C compile
"/Applications/sloeber.app/Contents/Eclipse/arduinoPlugin/tools/esp8266/xtensa-lx106-elf-gcc/1.20.0-26-gb404fb9-2/bin/xtensa-lx106-elf-gcc" -D__ets__ -DICACHE_FLASH -U__STRICT_ANSI__ "-I/Applications/sloeber.app/Contents/Eclipse/arduinoPlugin/packages/esp8266/hardware/esp8266/2.2.0/tools/sdk/include" "-I/Applications/sloeber.app/Contents/Eclipse/arduinoPlugin/packages/esp8266/hardware/esp8266/2.2.0/tools/sdk/lwip/include" -c -Os -g -Wpointer-arith -Wno-implicit-function-declaration -Wl,-EL -fno-inline-functions -nostdlib -mlongcalls -mtext-section-literals -falign-functions=4 -MMD -std=gnu99 -ffunction-sections -fdata-sections -DF_CPU=80000000L    -DARDUINO=10606 -DARDUINO_ESP8266_THING -DARDUINO_ARCH_ESP8266  -DESP8266   -I"/Applications/sloeber.app/Contents/Eclipse/arduinoPlugin/packages/esp8266/hardware/esp8266/2.2.0/cores/esp8266" -I"/Applications/sloeber.app/Contents/Eclipse/arduinoPlugin/packages/esp8266/hardware/esp8266/2.2.0/variants/thing" -MMD -MP -MF"core/core_esp8266_eboot_command.c.d" -MT"core/core_esp8266_eboot_command.c.o" -D__IN_ECLIPSE__=1 "/Applications/sloeber.app/Contents/Eclipse/arduinoPlugin/packages/esp8266/hardware/esp8266/2.2.0/cores/esp8266/core_esp8266_eboot_command.c"  -o  "core/core_esp8266_eboot_command.c.o"   -Wall
Finished building: /Applications/sloeber.app/Contents/Eclipse/arduinoPlugin/packages/esp8266/hardware/esp8266/2.2.0/cores/esp8266/core_esp8266_eboot_command.c
 
Building file: /Applications/sloeber.app/Contents/Eclipse/arduinoPlugin/packages/esp8266/hardware/esp8266/2.2.0/cores/esp8266/core_esp8266_flash_utils.c
Starting C compile
"/Applications/sloeber.app/Contents/Eclipse/arduinoPlugin/tools/esp8266/xtensa-lx106-elf-gcc/1.20.0-26-gb404fb9-2/bin/xtensa-lx106-elf-gcc" -D__ets__ -DICACHE_FLASH -U__STRICT_ANSI__ "-I/Applications/sloeber.app/Contents/Eclipse/arduinoPlugin/packages/esp8266/hardware/esp8266/2.2.0/tools/sdk/include" "-I/Applications/sloeber.app/Contents/Eclipse/arduinoPlugin/packages/esp8266/hardware/esp8266/2.2.0/tools/sdk/lwip/include" -c -Os -g -Wpointer-arith -Wno-implicit-function-declaration -Wl,-EL -fno-inline-functions -nostdlib -mlongcalls -mtext-section-literals -falign-functions=4 -MMD -std=gnu99 -ffunction-sections -fdata-sections -DF_CPU=80000000L    -DARDUINO=10606 -DARDUINO_ESP8266_THING -DARDUINO_ARCH_ESP8266  -DESP8266   -I"/Applications/sloeber.app/Contents/Eclipse/arduinoPlugin/packages/esp8266/hardware/esp8266/2.2.0/cores/esp8266" -I"/Applications/sloeber.app/Contents/Eclipse/arduinoPlugin/packages/esp8266/hardware/esp8266/2.2.0/variants/thing" -MMD -MP -MF"core/core_esp8266_flash_utils.c.d" -MT"core/core_esp8266_flash_utils.c.o" -D__IN_ECLIPSE__=1 "/Applications/sloeber.app/Contents/Eclipse/arduinoPlugin/packages/esp8266/hardware/esp8266/2.2.0/cores/esp8266/core_esp8266_flash_utils.c"  -o  "core/core_esp8266_flash_utils.c.o"   -Wall
Finished building: /Applications/sloeber.app/Contents/Eclipse/arduinoPlugin/packages/esp8266/hardware/esp8266/2.2.0/cores/esp8266/core_esp8266_flash_utils.c
 
Building file: /Applications/sloeber.app/Contents/Eclipse/arduinoPlugin/packages/esp8266/hardware/esp8266/2.2.0/cores/esp8266/core_esp8266_i2s.c
Starting C compile
"/Applications/sloeber.app/Contents/Eclipse/arduinoPlugin/tools/esp8266/xtensa-lx106-elf-gcc/1.20.0-26-gb404fb9-2/bin/xtensa-lx106-elf-gcc" -D__ets__ -DICACHE_FLASH -U__STRICT_ANSI__ "-I/Applications/sloeber.app/Contents/Eclipse/arduinoPlugin/packages/esp8266/hardware/esp8266/2.2.0/tools/sdk/include" "-I/Applications/sloeber.app/Contents/Eclipse/arduinoPlugin/packages/esp8266/hardware/esp8266/2.2.0/tools/sdk/lwip/include" -c -Os -g -Wpointer-arith -Wno-implicit-function-declaration -Wl,-EL -fno-inline-functions -nostdlib -mlongcalls -mtext-section-literals -falign-functions=4 -MMD -std=gnu99 -ffunction-sections -fdata-sections -DF_CPU=80000000L    -DARDUINO=10606 -DARDUINO_ESP8266_THING -DARDUINO_ARCH_ESP8266  -DESP8266   -I"/Applications/sloeber.app/Contents/Eclipse/arduinoPlugin/packages/esp8266/hardware/esp8266/2.2.0/cores/esp8266" -I"/Applications/sloeber.app/Contents/Eclipse/arduinoPlugin/packages/esp8266/hardware/esp8266/2.2.0/variants/thing" -MMD -MP -MF"core/core_esp8266_i2s.c.d" -MT"core/core_esp8266_i2s.c.o" -D__IN_ECLIPSE__=1 "/Applications/sloeber.app/Contents/Eclipse/arduinoPlugin/packages/esp8266/hardware/esp8266/2.2.0/cores/esp8266/core_esp8266_i2s.c"  -o  "core/core_esp8266_i2s.c.o"   -Wall
Finished building: /Applications/sloeber.app/Contents/Eclipse/arduinoPlugin/packages/esp8266/hardware/esp8266/2.2.0/cores/esp8266/core_esp8266_i2s.c
 
Building file: /Applications/sloeber.app/Contents/Eclipse/arduinoPlugin/packages/esp8266/hardware/esp8266/2.2.0/cores/esp8266/core_esp8266_main.cpp
Starting C++ compile
"/Applications/sloeber.app/Contents/Eclipse/arduinoPlugin/tools/esp8266/xtensa-lx106-elf-gcc/1.20.0-26-gb404fb9-2/bin/xtensa-lx106-elf-g++" -D__ets__ -DICACHE_FLASH -U__STRICT_ANSI__ "-I/Applications/sloeber.app/Contents/Eclipse/arduinoPlugin/packages/esp8266/hardware/esp8266/2.2.0/tools/sdk/include" "-I/Applications/sloeber.app/Contents/Eclipse/arduinoPlugin/packages/esp8266/hardware/esp8266/2.2.0/tools/sdk/lwip/include" -c -Os -g -mlongcalls -mtext-section-literals -fno-exceptions -fno-rtti -falign-functions=4 -std=c++11 -MMD -ffunction-sections -fdata-sections -DF_CPU=80000000L    -DARDUINO=10606 -DARDUINO_ESP8266_THING -DARDUINO_ARCH_ESP8266  -DESP8266   -I"/Applications/sloeber.app/Contents/Eclipse/arduinoPlugin/packages/esp8266/hardware/esp8266/2.2.0/cores/esp8266" -I"/Applications/sloeber.app/Contents/Eclipse/arduinoPlugin/packages/esp8266/hardware/esp8266/2.2.0/variants/thing" -MMD -MP -MF"core/core_esp8266_main.cpp.d" -MT"core/core_esp8266_main.cpp.o" -D__IN_ECLIPSE__=1 -x c++ "/Applications/sloeber.app/Contents/Eclipse/arduinoPlugin/packages/esp8266/hardware/esp8266/2.2.0/cores/esp8266/core_esp8266_main.cpp"  -o  "core/core_esp8266_main.cpp.o"   -Wall
Finished building: /Applications/sloeber.app/Contents/Eclipse/arduinoPlugin/packages/esp8266/hardware/esp8266/2.2.0/cores/esp8266/core_esp8266_main.cpp
 
Building file: /Applications/sloeber.app/Contents/Eclipse/arduinoPlugin/packages/esp8266/hardware/esp8266/2.2.0/cores/esp8266/core_esp8266_noniso.c
Starting C compile
"/Applications/sloeber.app/Contents/Eclipse/arduinoPlugin/tools/esp8266/xtensa-lx106-elf-gcc/1.20.0-26-gb404fb9-2/bin/xtensa-lx106-elf-gcc" -D__ets__ -DICACHE_FLASH -U__STRICT_ANSI__ "-I/Applications/sloeber.app/Contents/Eclipse/arduinoPlugin/packages/esp8266/hardware/esp8266/2.2.0/tools/sdk/include" "-I/Applications/sloeber.app/Contents/Eclipse/arduinoPlugin/packages/esp8266/hardware/esp8266/2.2.0/tools/sdk/lwip/include" -c -Os -g -Wpointer-arith -Wno-implicit-function-declaration -Wl,-EL -fno-inline-functions -nostdlib -mlongcalls -mtext-section-literals -falign-functions=4 -MMD -std=gnu99 -ffunction-sections -fdata-sections -DF_CPU=80000000L    -DARDUINO=10606 -DARDUINO_ESP8266_THING -DARDUINO_ARCH_ESP8266  -DESP8266   -I"/Applications/sloeber.app/Contents/Eclipse/arduinoPlugin/packages/esp8266/hardware/esp8266/2.2.0/cores/esp8266" -I"/Applications/sloeber.app/Contents/Eclipse/arduinoPlugin/packages/esp8266/hardware/esp8266/2.2.0/variants/thing" -MMD -MP -MF"core/core_esp8266_noniso.c.d" -MT"core/core_esp8266_noniso.c.o" -D__IN_ECLIPSE__=1 "/Applications/sloeber.app/Contents/Eclipse/arduinoPlugin/packages/esp8266/hardware/esp8266/2.2.0/cores/esp8266/core_esp8266_noniso.c"  -o  "core/core_esp8266_noniso.c.o"   -Wall
Finished building: /Applications/sloeber.app/Contents/Eclipse/arduinoPlugin/packages/esp8266/hardware/esp8266/2.2.0/cores/esp8266/core_esp8266_noniso.c
 
Building file: /Applications/sloeber.app/Contents/Eclipse/arduinoPlugin/packages/esp8266/hardware/esp8266/2.2.0/cores/esp8266/core_esp8266_phy.c
Starting C compile
"/Applications/sloeber.app/Contents/Eclipse/arduinoPlugin/tools/esp8266/xtensa-lx106-elf-gcc/1.20.0-26-gb404fb9-2/bin/xtensa-lx106-elf-gcc" -D__ets__ -DICACHE_FLASH -U__STRICT_ANSI__ "-I/Applications/sloeber.app/Contents/Eclipse/arduinoPlugin/packages/esp8266/hardware/esp8266/2.2.0/tools/sdk/include" "-I/Applications/sloeber.app/Contents/Eclipse/arduinoPlugin/packages/esp8266/hardware/esp8266/2.2.0/tools/sdk/lwip/include" -c -Os -g -Wpointer-arith -Wno-implicit-function-declaration -Wl,-EL -fno-inline-functions -nostdlib -mlongcalls -mtext-section-literals -falign-functions=4 -MMD -std=gnu99 -ffunction-sections -fdata-sections -DF_CPU=80000000L    -DARDUINO=10606 -DARDUINO_ESP8266_THING -DARDUINO_ARCH_ESP8266  -DESP8266   -I"/Applications/sloeber.app/Contents/Eclipse/arduinoPlugin/packages/esp8266/hardware/esp8266/2.2.0/cores/esp8266" -I"/Applications/sloeber.app/Contents/Eclipse/arduinoPlugin/packages/esp8266/hardware/esp8266/2.2.0/variants/thing" -MMD -MP -MF"core/core_esp8266_phy.c.d" -MT"core/core_esp8266_phy.c.o" -D__IN_ECLIPSE__=1 "/Applications/sloeber.app/Contents/Eclipse/arduinoPlugin/packages/esp8266/hardware/esp8266/2.2.0/cores/esp8266/core_esp8266_phy.c"  -o  "core/core_esp8266_phy.c.o"   -Wall
Finished building: /Applications/sloeber.app/Contents/Eclipse/arduinoPlugin/packages/esp8266/hardware/esp8266/2.2.0/cores/esp8266/core_esp8266_phy.c
 
Building file: /Applications/sloeber.app/Contents/Eclipse/arduinoPlugin/packages/esp8266/hardware/esp8266/2.2.0/cores/esp8266/core_esp8266_postmortem.c
Starting C compile
"/Applications/sloeber.app/Contents/Eclipse/arduinoPlugin/tools/esp8266/xtensa-lx106-elf-gcc/1.20.0-26-gb404fb9-2/bin/xtensa-lx106-elf-gcc" -D__ets__ -DICACHE_FLASH -U__STRICT_ANSI__ "-I/Applications/sloeber.app/Contents/Eclipse/arduinoPlugin/packages/esp8266/hardware/esp8266/2.2.0/tools/sdk/include" "-I/Applications/sloeber.app/Contents/Eclipse/arduinoPlugin/packages/esp8266/hardware/esp8266/2.2.0/tools/sdk/lwip/include" -c -Os -g -Wpointer-arith -Wno-implicit-function-declaration -Wl,-EL -fno-inline-functions -nostdlib -mlongcalls -mtext-section-literals -falign-functions=4 -MMD -std=gnu99 -ffunction-sections -fdata-sections -DF_CPU=80000000L    -DARDUINO=10606 -DARDUINO_ESP8266_THING -DARDUINO_ARCH_ESP8266  -DESP8266   -I"/Applications/sloeber.app/Contents/Eclipse/arduinoPlugin/packages/esp8266/hardware/esp8266/2.2.0/cores/esp8266" -I"/Applications/sloeber.app/Contents/Eclipse/arduinoPlugin/packages/esp8266/hardware/esp8266/2.2.0/variants/thing" -MMD -MP -MF"core/core_esp8266_postmortem.c.d" -MT"core/core_esp8266_postmortem.c.o" -D__IN_ECLIPSE__=1 "/Applications/sloeber.app/Contents/Eclipse/arduinoPlugin/packages/esp8266/hardware/esp8266/2.2.0/cores/esp8266/core_esp8266_postmortem.c"  -o  "core/core_esp8266_postmortem.c.o"   -Wall
Finished building: /Applications/sloeber.app/Contents/Eclipse/arduinoPlugin/packages/esp8266/hardware/esp8266/2.2.0/cores/esp8266/core_esp8266_postmortem.c
 
Building file: /Applications/sloeber.app/Contents/Eclipse/arduinoPlugin/packages/esp8266/hardware/esp8266/2.2.0/cores/esp8266/core_esp8266_si2c.c
Starting C compile
"/Applications/sloeber.app/Contents/Eclipse/arduinoPlugin/tools/esp8266/xtensa-lx106-elf-gcc/1.20.0-26-gb404fb9-2/bin/xtensa-lx106-elf-gcc" -D__ets__ -DICACHE_FLASH -U__STRICT_ANSI__ "-I/Applications/sloeber.app/Contents/Eclipse/arduinoPlugin/packages/esp8266/hardware/esp8266/2.2.0/tools/sdk/include" "-I/Applications/sloeber.app/Contents/Eclipse/arduinoPlugin/packages/esp8266/hardware/esp8266/2.2.0/tools/sdk/lwip/include" -c -Os -g -Wpointer-arith -Wno-implicit-function-declaration -Wl,-EL -fno-inline-functions -nostdlib -mlongcalls -mtext-section-literals -falign-functions=4 -MMD -std=gnu99 -ffunction-sections -fdata-sections -DF_CPU=80000000L    -DARDUINO=10606 -DARDUINO_ESP8266_THING -DARDUINO_ARCH_ESP8266  -DESP8266   -I"/Applications/sloeber.app/Contents/Eclipse/arduinoPlugin/packages/esp8266/hardware/esp8266/2.2.0/cores/esp8266" -I"/Applications/sloeber.app/Contents/Eclipse/arduinoPlugin/packages/esp8266/hardware/esp8266/2.2.0/variants/thing" -MMD -MP -MF"core/core_esp8266_si2c.c.d" -MT"core/core_esp8266_si2c.c.o" -D__IN_ECLIPSE__=1 "/Applications/sloeber.app/Contents/Eclipse/arduinoPlugin/packages/esp8266/hardware/esp8266/2.2.0/cores/esp8266/core_esp8266_si2c.c"  -o  "core/core_esp8266_si2c.c.o"   -Wall
Finished building: /Applications/sloeber.app/Contents/Eclipse/arduinoPlugin/packages/esp8266/hardware/esp8266/2.2.0/cores/esp8266/core_esp8266_si2c.c
 
Building file: /Applications/sloeber.app/Contents/Eclipse/arduinoPlugin/packages/esp8266/hardware/esp8266/2.2.0/cores/esp8266/core_esp8266_timer.c
Starting C compile
"/Applications/sloeber.app/Contents/Eclipse/arduinoPlugin/tools/esp8266/xtensa-lx106-elf-gcc/1.20.0-26-gb404fb9-2/bin/xtensa-lx106-elf-gcc" -D__ets__ -DICACHE_FLASH -U__STRICT_ANSI__ "-I/Applications/sloeber.app/Contents/Eclipse/arduinoPlugin/packages/esp8266/hardware/esp8266/2.2.0/tools/sdk/include" "-I/Applications/sloeber.app/Contents/Eclipse/arduinoPlugin/packages/esp8266/hardware/esp8266/2.2.0/tools/sdk/lwip/include" -c -Os -g -Wpointer-arith -Wno-implicit-function-declaration -Wl,-EL -fno-inline-functions -nostdlib -mlongcalls -mtext-section-literals -falign-functions=4 -MMD -std=gnu99 -ffunction-sections -fdata-sections -DF_CPU=80000000L    -DARDUINO=10606 -DARDUINO_ESP8266_THING -DARDUINO_ARCH_ESP8266  -DESP8266   -I"/Applications/sloeber.app/Contents/Eclipse/arduinoPlugin/packages/esp8266/hardware/esp8266/2.2.0/cores/esp8266" -I"/Applications/sloeber.app/Contents/Eclipse/arduinoPlugin/packages/esp8266/hardware/esp8266/2.2.0/variants/thing" -MMD -MP -MF"core/core_esp8266_timer.c.d" -MT"core/core_esp8266_timer.c.o" -D__IN_ECLIPSE__=1 "/Applications/sloeber.app/Contents/Eclipse/arduinoPlugin/packages/esp8266/hardware/esp8266/2.2.0/cores/esp8266/core_esp8266_timer.c"  -o  "core/core_esp8266_timer.c.o"   -Wall
Finished building: /Applications/sloeber.app/Contents/Eclipse/arduinoPlugin/packages/esp8266/hardware/esp8266/2.2.0/cores/esp8266/core_esp8266_timer.c
 
Building file: /Applications/sloeber.app/Contents/Eclipse/arduinoPlugin/packages/esp8266/hardware/esp8266/2.2.0/cores/esp8266/core_esp8266_wiring.c
Starting C compile
"/Applications/sloeber.app/Contents/Eclipse/arduinoPlugin/tools/esp8266/xtensa-lx106-elf-gcc/1.20.0-26-gb404fb9-2/bin/xtensa-lx106-elf-gcc" -D__ets__ -DICACHE_FLASH -U__STRICT_ANSI__ "-I/Applications/sloeber.app/Contents/Eclipse/arduinoPlugin/packages/esp8266/hardware/esp8266/2.2.0/tools/sdk/include" "-I/Applications/sloeber.app/Contents/Eclipse/arduinoPlugin/packages/esp8266/hardware/esp8266/2.2.0/tools/sdk/lwip/include" -c -Os -g -Wpointer-arith -Wno-implicit-function-declaration -Wl,-EL -fno-inline-functions -nostdlib -mlongcalls -mtext-section-literals -falign-functions=4 -MMD -std=gnu99 -ffunction-sections -fdata-sections -DF_CPU=80000000L    -DARDUINO=10606 -DARDUINO_ESP8266_THING -DARDUINO_ARCH_ESP8266  -DESP8266   -I"/Applications/sloeber.app/Contents/Eclipse/arduinoPlugin/packages/esp8266/hardware/esp8266/2.2.0/cores/esp8266" -I"/Applications/sloeber.app/Contents/Eclipse/arduinoPlugin/packages/esp8266/hardware/esp8266/2.2.0/variants/thing" -MMD -MP -MF"core/core_esp8266_wiring.c.d" -MT"core/core_esp8266_wiring.c.o" -D__IN_ECLIPSE__=1 "/Applications/sloeber.app/Contents/Eclipse/arduinoPlugin/packages/esp8266/hardware/esp8266/2.2.0/cores/esp8266/core_esp8266_wiring.c"  -o  "core/core_esp8266_wiring.c.o"   -Wall
Finished building: /Applications/sloeber.app/Contents/Eclipse/arduinoPlugin/packages/esp8266/hardware/esp8266/2.2.0/cores/esp8266/core_esp8266_wiring.c
 
Building file: /Applications/sloeber.app/Contents/Eclipse/arduinoPlugin/packages/esp8266/hardware/esp8266/2.2.0/cores/esp8266/core_esp8266_wiring_analog.c
Starting C compile
"/Applications/sloeber.app/Contents/Eclipse/arduinoPlugin/tools/esp8266/xtensa-lx106-elf-gcc/1.20.0-26-gb404fb9-2/bin/xtensa-lx106-elf-gcc" -D__ets__ -DICACHE_FLASH -U__STRICT_ANSI__ "-I/Applications/sloeber.app/Contents/Eclipse/arduinoPlugin/packages/esp8266/hardware/esp8266/2.2.0/tools/sdk/include" "-I/Applications/sloeber.app/Contents/Eclipse/arduinoPlugin/packages/esp8266/hardware/esp8266/2.2.0/tools/sdk/lwip/include" -c -Os -g -Wpointer-arith -Wno-implicit-function-declaration -Wl,-EL -fno-inline-functions -nostdlib -mlongcalls -mtext-section-literals -falign-functions=4 -MMD -std=gnu99 -ffunction-sections -fdata-sections -DF_CPU=80000000L    -DARDUINO=10606 -DARDUINO_ESP8266_THING -DARDUINO_ARCH_ESP8266  -DESP8266   -I"/Applications/sloeber.app/Contents/Eclipse/arduinoPlugin/packages/esp8266/hardware/esp8266/2.2.0/cores/esp8266" -I"/Applications/sloeber.app/Contents/Eclipse/arduinoPlugin/packages/esp8266/hardware/esp8266/2.2.0/variants/thing" -MMD -MP -MF"core/core_esp8266_wiring_analog.c.d" -MT"core/core_esp8266_wiring_analog.c.o" -D__IN_ECLIPSE__=1 "/Applications/sloeber.app/Contents/Eclipse/arduinoPlugin/packages/esp8266/hardware/esp8266/2.2.0/cores/esp8266/core_esp8266_wiring_analog.c"  -o  "core/core_esp8266_wiring_analog.c.o"   -Wall
Finished building: /Applications/sloeber.app/Contents/Eclipse/arduinoPlugin/packages/esp8266/hardware/esp8266/2.2.0/cores/esp8266/core_esp8266_wiring_analog.c
 
Building file: /Applications/sloeber.app/Contents/Eclipse/arduinoPlugin/packages/esp8266/hardware/esp8266/2.2.0/cores/esp8266/core_esp8266_wiring_digital.c
Starting C compile
"/Applications/sloeber.app/Contents/Eclipse/arduinoPlugin/tools/esp8266/xtensa-lx106-elf-gcc/1.20.0-26-gb404fb9-2/bin/xtensa-lx106-elf-gcc" -D__ets__ -DICACHE_FLASH -U__STRICT_ANSI__ "-I/Applications/sloeber.app/Contents/Eclipse/arduinoPlugin/packages/esp8266/hardware/esp8266/2.2.0/tools/sdk/include" "-I/Applications/sloeber.app/Contents/Eclipse/arduinoPlugin/packages/esp8266/hardware/esp8266/2.2.0/tools/sdk/lwip/include" -c -Os -g -Wpointer-arith -Wno-implicit-function-declaration -Wl,-EL -fno-inline-functions -nostdlib -mlongcalls -mtext-section-literals -falign-functions=4 -MMD -std=gnu99 -ffunction-sections -fdata-sections -DF_CPU=80000000L    -DARDUINO=10606 -DARDUINO_ESP8266_THING -DARDUINO_ARCH_ESP8266  -DESP8266   -I"/Applications/sloeber.app/Contents/Eclipse/arduinoPlugin/packages/esp8266/hardware/esp8266/2.2.0/cores/esp8266" -I"/Applications/sloeber.app/Contents/Eclipse/arduinoPlugin/packages/esp8266/hardware/esp8266/2.2.0/variants/thing" -MMD -MP -MF"core/core_esp8266_wiring_digital.c.d" -MT"core/core_esp8266_wiring_digital.c.o" -D__IN_ECLIPSE__=1 "/Applications/sloeber.app/Contents/Eclipse/arduinoPlugin/packages/esp8266/hardware/esp8266/2.2.0/cores/esp8266/core_esp8266_wiring_digital.c"  -o  "core/core_esp8266_wiring_digital.c.o"   -Wall
Finished building: /Applications/sloeber.app/Contents/Eclipse/arduinoPlugin/packages/esp8266/hardware/esp8266/2.2.0/cores/esp8266/core_esp8266_wiring_digital.c
 
Building file: /Applications/sloeber.app/Contents/Eclipse/arduinoPlugin/packages/esp8266/hardware/esp8266/2.2.0/cores/esp8266/core_esp8266_wiring_pulse.c
Starting C compile
"/Applications/sloeber.app/Contents/Eclipse/arduinoPlugin/tools/esp8266/xtensa-lx106-elf-gcc/1.20.0-26-gb404fb9-2/bin/xtensa-lx106-elf-gcc" -D__ets__ -DICACHE_FLASH -U__STRICT_ANSI__ "-I/Applications/sloeber.app/Contents/Eclipse/arduinoPlugin/packages/esp8266/hardware/esp8266/2.2.0/tools/sdk/include" "-I/Applications/sloeber.app/Contents/Eclipse/arduinoPlugin/packages/esp8266/hardware/esp8266/2.2.0/tools/sdk/lwip/include" -c -Os -g -Wpointer-arith -Wno-implicit-function-declaration -Wl,-EL -fno-inline-functions -nostdlib -mlongcalls -mtext-section-literals -falign-functions=4 -MMD -std=gnu99 -ffunction-sections -fdata-sections -DF_CPU=80000000L    -DARDUINO=10606 -DARDUINO_ESP8266_THING -DARDUINO_ARCH_ESP8266  -DESP8266   -I"/Applications/sloeber.app/Contents/Eclipse/arduinoPlugin/packages/esp8266/hardware/esp8266/2.2.0/cores/esp8266" -I"/Applications/sloeber.app/Contents/Eclipse/arduinoPlugin/packages/esp8266/hardware/esp8266/2.2.0/variants/thing" -MMD -MP -MF"core/core_esp8266_wiring_pulse.c.d" -MT"core/core_esp8266_wiring_pulse.c.o" -D__IN_ECLIPSE__=1 "/Applications/sloeber.app/Contents/Eclipse/arduinoPlugin/packages/esp8266/hardware/esp8266/2.2.0/cores/esp8266/core_esp8266_wiring_pulse.c"  -o  "core/core_esp8266_wiring_pulse.c.o"   -Wall
Finished building: /Applications/sloeber.app/Contents/Eclipse/arduinoPlugin/packages/esp8266/hardware/esp8266/2.2.0/cores/esp8266/core_esp8266_wiring_pulse.c
 
Building file: /Applications/sloeber.app/Contents/Eclipse/arduinoPlugin/packages/esp8266/hardware/esp8266/2.2.0/cores/esp8266/core_esp8266_wiring_pwm.c
Starting C compile
"/Applications/sloeber.app/Contents/Eclipse/arduinoPlugin/tools/esp8266/xtensa-lx106-elf-gcc/1.20.0-26-gb404fb9-2/bin/xtensa-lx106-elf-gcc" -D__ets__ -DICACHE_FLASH -U__STRICT_ANSI__ "-I/Applications/sloeber.app/Contents/Eclipse/arduinoPlugin/packages/esp8266/hardware/esp8266/2.2.0/tools/sdk/include" "-I/Applications/sloeber.app/Contents/Eclipse/arduinoPlugin/packages/esp8266/hardware/esp8266/2.2.0/tools/sdk/lwip/include" -c -Os -g -Wpointer-arith -Wno-implicit-function-declaration -Wl,-EL -fno-inline-functions -nostdlib -mlongcalls -mtext-section-literals -falign-functions=4 -MMD -std=gnu99 -ffunction-sections -fdata-sections -DF_CPU=80000000L    -DARDUINO=10606 -DARDUINO_ESP8266_THING -DARDUINO_ARCH_ESP8266  -DESP8266   -I"/Applications/sloeber.app/Contents/Eclipse/arduinoPlugin/packages/esp8266/hardware/esp8266/2.2.0/cores/esp8266" -I"/Applications/sloeber.app/Contents/Eclipse/arduinoPlugin/packages/esp8266/hardware/esp8266/2.2.0/variants/thing" -MMD -MP -MF"core/core_esp8266_wiring_pwm.c.d" -MT"core/core_esp8266_wiring_pwm.c.o" -D__IN_ECLIPSE__=1 "/Applications/sloeber.app/Contents/Eclipse/arduinoPlugin/packages/esp8266/hardware/esp8266/2.2.0/cores/esp8266/core_esp8266_wiring_pwm.c"  -o  "core/core_esp8266_wiring_pwm.c.o"   -Wall
Finished building: /Applications/sloeber.app/Contents/Eclipse/arduinoPlugin/packages/esp8266/hardware/esp8266/2.2.0/cores/esp8266/core_esp8266_wiring_pwm.c
 
Building file: /Applications/sloeber.app/Contents/Eclipse/arduinoPlugin/packages/esp8266/hardware/esp8266/2.2.0/cores/esp8266/core_esp8266_wiring_shift.c
Starting C compile
"/Applications/sloeber.app/Contents/Eclipse/arduinoPlugin/tools/esp8266/xtensa-lx106-elf-gcc/1.20.0-26-gb404fb9-2/bin/xtensa-lx106-elf-gcc" -D__ets__ -DICACHE_FLASH -U__STRICT_ANSI__ "-I/Applications/sloeber.app/Contents/Eclipse/arduinoPlugin/packages/esp8266/hardware/esp8266/2.2.0/tools/sdk/include" "-I/Applications/sloeber.app/Contents/Eclipse/arduinoPlugin/packages/esp8266/hardware/esp8266/2.2.0/tools/sdk/lwip/include" -c -Os -g -Wpointer-arith -Wno-implicit-function-declaration -Wl,-EL -fno-inline-functions -nostdlib -mlongcalls -mtext-section-literals -falign-functions=4 -MMD -std=gnu99 -ffunction-sections -fdata-sections -DF_CPU=80000000L    -DARDUINO=10606 -DARDUINO_ESP8266_THING -DARDUINO_ARCH_ESP8266  -DESP8266   -I"/Applications/sloeber.app/Contents/Eclipse/arduinoPlugin/packages/esp8266/hardware/esp8266/2.2.0/cores/esp8266" -I"/Applications/sloeber.app/Contents/Eclipse/arduinoPlugin/packages/esp8266/hardware/esp8266/2.2.0/variants/thing" -MMD -MP -MF"core/core_esp8266_wiring_shift.c.d" -MT"core/core_esp8266_wiring_shift.c.o" -D__IN_ECLIPSE__=1 "/Applications/sloeber.app/Contents/Eclipse/arduinoPlugin/packages/esp8266/hardware/esp8266/2.2.0/cores/esp8266/core_esp8266_wiring_shift.c"  -o  "core/core_esp8266_wiring_shift.c.o"   -Wall
Finished building: /Applications/sloeber.app/Contents/Eclipse/arduinoPlugin/packages/esp8266/hardware/esp8266/2.2.0/cores/esp8266/core_esp8266_wiring_shift.c
 
Building file: /Applications/sloeber.app/Contents/Eclipse/arduinoPlugin/packages/esp8266/hardware/esp8266/2.2.0/cores/esp8266/debug.cpp
Starting C++ compile
"/Applications/sloeber.app/Contents/Eclipse/arduinoPlugin/tools/esp8266/xtensa-lx106-elf-gcc/1.20.0-26-gb404fb9-2/bin/xtensa-lx106-elf-g++" -D__ets__ -DICACHE_FLASH -U__STRICT_ANSI__ "-I/Applications/sloeber.app/Contents/Eclipse/arduinoPlugin/packages/esp8266/hardware/esp8266/2.2.0/tools/sdk/include" "-I/Applications/sloeber.app/Contents/Eclipse/arduinoPlugin/packages/esp8266/hardware/esp8266/2.2.0/tools/sdk/lwip/include" -c -Os -g -mlongcalls -mtext-section-literals -fno-exceptions -fno-rtti -falign-functions=4 -std=c++11 -MMD -ffunction-sections -fdata-sections -DF_CPU=80000000L    -DARDUINO=10606 -DARDUINO_ESP8266_THING -DARDUINO_ARCH_ESP8266  -DESP8266   -I"/Applications/sloeber.app/Contents/Eclipse/arduinoPlugin/packages/esp8266/hardware/esp8266/2.2.0/cores/esp8266" -I"/Applications/sloeber.app/Contents/Eclipse/arduinoPlugin/packages/esp8266/hardware/esp8266/2.2.0/variants/thing" -MMD -MP -MF"core/debug.cpp.d" -MT"core/debug.cpp.o" -D__IN_ECLIPSE__=1 -x c++ "/Applications/sloeber.app/Contents/Eclipse/arduinoPlugin/packages/esp8266/hardware/esp8266/2.2.0/cores/esp8266/debug.cpp"  -o  "core/debug.cpp.o"   -Wall
Finished building: /Applications/sloeber.app/Contents/Eclipse/arduinoPlugin/packages/esp8266/hardware/esp8266/2.2.0/cores/esp8266/debug.cpp
 
Building file: /Applications/sloeber.app/Contents/Eclipse/arduinoPlugin/packages/esp8266/hardware/esp8266/2.2.0/cores/esp8266/heap.c
Starting C compile
"/Applications/sloeber.app/Contents/Eclipse/arduinoPlugin/tools/esp8266/xtensa-lx106-elf-gcc/1.20.0-26-gb404fb9-2/bin/xtensa-lx106-elf-gcc" -D__ets__ -DICACHE_FLASH -U__STRICT_ANSI__ "-I/Applications/sloeber.app/Contents/Eclipse/arduinoPlugin/packages/esp8266/hardware/esp8266/2.2.0/tools/sdk/include" "-I/Applications/sloeber.app/Contents/Eclipse/arduinoPlugin/packages/esp8266/hardware/esp8266/2.2.0/tools/sdk/lwip/include" -c -Os -g -Wpointer-arith -Wno-implicit-function-declaration -Wl,-EL -fno-inline-functions -nostdlib -mlongcalls -mtext-section-literals -falign-functions=4 -MMD -std=gnu99 -ffunction-sections -fdata-sections -DF_CPU=80000000L    -DARDUINO=10606 -DARDUINO_ESP8266_THING -DARDUINO_ARCH_ESP8266  -DESP8266   -I"/Applications/sloeber.app/Contents/Eclipse/arduinoPlugin/packages/esp8266/hardware/esp8266/2.2.0/cores/esp8266" -I"/Applications/sloeber.app/Contents/Eclipse/arduinoPlugin/packages/esp8266/hardware/esp8266/2.2.0/variants/thing" -MMD -MP -MF"core/heap.c.d" -MT"core/heap.c.o" -D__IN_ECLIPSE__=1 "/Applications/sloeber.app/Contents/Eclipse/arduinoPlugin/packages/esp8266/hardware/esp8266/2.2.0/cores/esp8266/heap.c"  -o  "core/heap.c.o"   -Wall
Finished building: /Applications/sloeber.app/Contents/Eclipse/arduinoPlugin/packages/esp8266/hardware/esp8266/2.2.0/cores/esp8266/heap.c
 
Building file: /Applications/sloeber.app/Contents/Eclipse/arduinoPlugin/packages/esp8266/hardware/esp8266/2.2.0/cores/esp8266/libc_replacements.c
Starting C compile
"/Applications/sloeber.app/Contents/Eclipse/arduinoPlugin/tools/esp8266/xtensa-lx106-elf-gcc/1.20.0-26-gb404fb9-2/bin/xtensa-lx106-elf-gcc" -D__ets__ -DICACHE_FLASH -U__STRICT_ANSI__ "-I/Applications/sloeber.app/Contents/Eclipse/arduinoPlugin/packages/esp8266/hardware/esp8266/2.2.0/tools/sdk/include" "-I/Applications/sloeber.app/Contents/Eclipse/arduinoPlugin/packages/esp8266/hardware/esp8266/2.2.0/tools/sdk/lwip/include" -c -Os -g -Wpointer-arith -Wno-implicit-function-declaration -Wl,-EL -fno-inline-functions -nostdlib -mlongcalls -mtext-section-literals -falign-functions=4 -MMD -std=gnu99 -ffunction-sections -fdata-sections -DF_CPU=80000000L    -DARDUINO=10606 -DARDUINO_ESP8266_THING -DARDUINO_ARCH_ESP8266  -DESP8266   -I"/Applications/sloeber.app/Contents/Eclipse/arduinoPlugin/packages/esp8266/hardware/esp8266/2.2.0/cores/esp8266" -I"/Applications/sloeber.app/Contents/Eclipse/arduinoPlugin/packages/esp8266/hardware/esp8266/2.2.0/variants/thing" -MMD -MP -MF"core/libc_replacements.c.d" -MT"core/libc_replacements.c.o" -D__IN_ECLIPSE__=1 "/Applications/sloeber.app/Contents/Eclipse/arduinoPlugin/packages/esp8266/hardware/esp8266/2.2.0/cores/esp8266/libc_replacements.c"  -o  "core/libc_replacements.c.o"   -Wall
Finished building: /Applications/sloeber.app/Contents/Eclipse/arduinoPlugin/packages/esp8266/hardware/esp8266/2.2.0/cores/esp8266/libc_replacements.c
 
Building file: /Applications/sloeber.app/Contents/Eclipse/arduinoPlugin/packages/esp8266/hardware/esp8266/2.2.0/cores/esp8266/pgmspace.cpp
Starting C++ compile
"/Applications/sloeber.app/Contents/Eclipse/arduinoPlugin/tools/esp8266/xtensa-lx106-elf-gcc/1.20.0-26-gb404fb9-2/bin/xtensa-lx106-elf-g++" -D__ets__ -DICACHE_FLASH -U__STRICT_ANSI__ "-I/Applications/sloeber.app/Contents/Eclipse/arduinoPlugin/packages/esp8266/hardware/esp8266/2.2.0/tools/sdk/include" "-I/Applications/sloeber.app/Contents/Eclipse/arduinoPlugin/packages/esp8266/hardware/esp8266/2.2.0/tools/sdk/lwip/include" -c -Os -g -mlongcalls -mtext-section-literals -fno-exceptions -fno-rtti -falign-functions=4 -std=c++11 -MMD -ffunction-sections -fdata-sections -DF_CPU=80000000L    -DARDUINO=10606 -DARDUINO_ESP8266_THING -DARDUINO_ARCH_ESP8266  -DESP8266   -I"/Applications/sloeber.app/Contents/Eclipse/arduinoPlugin/packages/esp8266/hardware/esp8266/2.2.0/cores/esp8266" -I"/Applications/sloeber.app/Contents/Eclipse/arduinoPlugin/packages/esp8266/hardware/esp8266/2.2.0/variants/thing" -MMD -MP -MF"core/pgmspace.cpp.d" -MT"core/pgmspace.cpp.o" -D__IN_ECLIPSE__=1 -x c++ "/Applications/sloeber.app/Contents/Eclipse/arduinoPlugin/packages/esp8266/hardware/esp8266/2.2.0/cores/esp8266/pgmspace.cpp"  -o  "core/pgmspace.cpp.o"   -Wall
Finished building: /Applications/sloeber.app/Contents/Eclipse/arduinoPlugin/packages/esp8266/hardware/esp8266/2.2.0/cores/esp8266/pgmspace.cpp
 
Building file: /Applications/sloeber.app/Contents/Eclipse/arduinoPlugin/packages/esp8266/hardware/esp8266/2.2.0/cores/esp8266/spiffs_api.cpp
Starting C++ compile
"/Applications/sloeber.app/Contents/Eclipse/arduinoPlugin/tools/esp8266/xtensa-lx106-elf-gcc/1.20.0-26-gb404fb9-2/bin/xtensa-lx106-elf-g++" -D__ets__ -DICACHE_FLASH -U__STRICT_ANSI__ "-I/Applications/sloeber.app/Contents/Eclipse/arduinoPlugin/packages/esp8266/hardware/esp8266/2.2.0/tools/sdk/include" "-I/Applications/sloeber.app/Contents/Eclipse/arduinoPlugin/packages/esp8266/hardware/esp8266/2.2.0/tools/sdk/lwip/include" -c -Os -g -mlongcalls -mtext-section-literals -fno-exceptions -fno-rtti -falign-functions=4 -std=c++11 -MMD -ffunction-sections -fdata-sections -DF_CPU=80000000L    -DARDUINO=10606 -DARDUINO_ESP8266_THING -DARDUINO_ARCH_ESP8266  -DESP8266   -I"/Applications/sloeber.app/Contents/Eclipse/arduinoPlugin/packages/esp8266/hardware/esp8266/2.2.0/cores/esp8266" -I"/Applications/sloeber.app/Contents/Eclipse/arduinoPlugin/packages/esp8266/hardware/esp8266/2.2.0/variants/thing" -MMD -MP -MF"core/spiffs_api.cpp.d" -MT"core/spiffs_api.cpp.o" -D__IN_ECLIPSE__=1 -x c++ "/Applications/sloeber.app/Contents/Eclipse/arduinoPlugin/packages/esp8266/hardware/esp8266/2.2.0/cores/esp8266/spiffs_api.cpp"  -o  "core/spiffs_api.cpp.o"   -Wall
Finished building: /Applications/sloeber.app/Contents/Eclipse/arduinoPlugin/packages/esp8266/hardware/esp8266/2.2.0/cores/esp8266/spiffs_api.cpp
 
Building file: /Applications/sloeber.app/Contents/Eclipse/arduinoPlugin/packages/esp8266/hardware/esp8266/2.2.0/cores/esp8266/spiffs_hal.cpp
Starting C++ compile
"/Applications/sloeber.app/Contents/Eclipse/arduinoPlugin/tools/esp8266/xtensa-lx106-elf-gcc/1.20.0-26-gb404fb9-2/bin/xtensa-lx106-elf-g++" -D__ets__ -DICACHE_FLASH -U__STRICT_ANSI__ "-I/Applications/sloeber.app/Contents/Eclipse/arduinoPlugin/packages/esp8266/hardware/esp8266/2.2.0/tools/sdk/include" "-I/Applications/sloeber.app/Contents/Eclipse/arduinoPlugin/packages/esp8266/hardware/esp8266/2.2.0/tools/sdk/lwip/include" -c -Os -g -mlongcalls -mtext-section-literals -fno-exceptions -fno-rtti -falign-functions=4 -std=c++11 -MMD -ffunction-sections -fdata-sections -DF_CPU=80000000L    -DARDUINO=10606 -DARDUINO_ESP8266_THING -DARDUINO_ARCH_ESP8266  -DESP8266   -I"/Applications/sloeber.app/Contents/Eclipse/arduinoPlugin/packages/esp8266/hardware/esp8266/2.2.0/cores/esp8266" -I"/Applications/sloeber.app/Contents/Eclipse/arduinoPlugin/packages/esp8266/hardware/esp8266/2.2.0/variants/thing" -MMD -MP -MF"core/spiffs_hal.cpp.d" -MT"core/spiffs_hal.cpp.o" -D__IN_ECLIPSE__=1 -x c++ "/Applications/sloeber.app/Contents/Eclipse/arduinoPlugin/packages/esp8266/hardware/esp8266/2.2.0/cores/esp8266/spiffs_hal.cpp"  -o  "core/spiffs_hal.cpp.o"   -Wall
Finished building: /Applications/sloeber.app/Contents/Eclipse/arduinoPlugin/packages/esp8266/hardware/esp8266/2.2.0/cores/esp8266/spiffs_hal.cpp
 
Building file: /Applications/sloeber.app/Contents/Eclipse/arduinoPlugin/packages/esp8266/hardware/esp8266/2.2.0/cores/esp8266/time.c
Starting C compile
"/Applications/sloeber.app/Contents/Eclipse/arduinoPlugin/tools/esp8266/xtensa-lx106-elf-gcc/1.20.0-26-gb404fb9-2/bin/xtensa-lx106-elf-gcc" -D__ets__ -DICACHE_FLASH -U__STRICT_ANSI__ "-I/Applications/sloeber.app/Contents/Eclipse/arduinoPlugin/packages/esp8266/hardware/esp8266/2.2.0/tools/sdk/include" "-I/Applications/sloeber.app/Contents/Eclipse/arduinoPlugin/packages/esp8266/hardware/esp8266/2.2.0/tools/sdk/lwip/include" -c -Os -g -Wpointer-arith -Wno-implicit-function-declaration -Wl,-EL -fno-inline-functions -nostdlib -mlongcalls -mtext-section-literals -falign-functions=4 -MMD -std=gnu99 -ffunction-sections -fdata-sections -DF_CPU=80000000L    -DARDUINO=10606 -DARDUINO_ESP8266_THING -DARDUINO_ARCH_ESP8266  -DESP8266   -I"/Applications/sloeber.app/Contents/Eclipse/arduinoPlugin/packages/esp8266/hardware/esp8266/2.2.0/cores/esp8266" -I"/Applications/sloeber.app/Contents/Eclipse/arduinoPlugin/packages/esp8266/hardware/esp8266/2.2.0/variants/thing" -MMD -MP -MF"core/time.c.d" -MT"core/time.c.o" -D__IN_ECLIPSE__=1 "/Applications/sloeber.app/Contents/Eclipse/arduinoPlugin/packages/esp8266/hardware/esp8266/2.2.0/cores/esp8266/time.c"  -o  "core/time.c.o"   -Wall
Finished building: /Applications/sloeber.app/Contents/Eclipse/arduinoPlugin/packages/esp8266/hardware/esp8266/2.2.0/cores/esp8266/time.c
 
Building file: /Applications/sloeber.app/Contents/Eclipse/arduinoPlugin/packages/esp8266/hardware/esp8266/2.2.0/cores/esp8266/uart.c
Starting C compile
"/Applications/sloeber.app/Contents/Eclipse/arduinoPlugin/tools/esp8266/xtensa-lx106-elf-gcc/1.20.0-26-gb404fb9-2/bin/xtensa-lx106-elf-gcc" -D__ets__ -DICACHE_FLASH -U__STRICT_ANSI__ "-I/Applications/sloeber.app/Contents/Eclipse/arduinoPlugin/packages/esp8266/hardware/esp8266/2.2.0/tools/sdk/include" "-I/Applications/sloeber.app/Contents/Eclipse/arduinoPlugin/packages/esp8266/hardware/esp8266/2.2.0/tools/sdk/lwip/include" -c -Os -g -Wpointer-arith -Wno-implicit-function-declaration -Wl,-EL -fno-inline-functions -nostdlib -mlongcalls -mtext-section-literals -falign-functions=4 -MMD -std=gnu99 -ffunction-sections -fdata-sections -DF_CPU=80000000L    -DARDUINO=10606 -DARDUINO_ESP8266_THING -DARDUINO_ARCH_ESP8266  -DESP8266   -I"/Applications/sloeber.app/Contents/Eclipse/arduinoPlugin/packages/esp8266/hardware/esp8266/2.2.0/cores/esp8266" -I"/Applications/sloeber.app/Contents/Eclipse/arduinoPlugin/packages/esp8266/hardware/esp8266/2.2.0/variants/thing" -MMD -MP -MF"core/uart.c.d" -MT"core/uart.c.o" -D__IN_ECLIPSE__=1 "/Applications/sloeber.app/Contents/Eclipse/arduinoPlugin/packages/esp8266/hardware/esp8266/2.2.0/cores/esp8266/uart.c"  -o  "core/uart.c.o"   -Wall
Finished building: /Applications/sloeber.app/Contents/Eclipse/arduinoPlugin/packages/esp8266/hardware/esp8266/2.2.0/cores/esp8266/uart.c
 
Starting archiver
"/Applications/sloeber.app/Contents/Eclipse/arduinoPlugin/tools/esp8266/xtensa-lx106-elf-gcc/1.20.0-26-gb404fb9-2/bin/xtensa-lx106-elf-ar" cru  "/Users/nova3d-macmini03/Dropbox/Nova3d/rescue_bots_v2/workspace/rescue_bots_arduino/Release/arduino.ar"    arduino.ar  ./core/umm_malloc.c.o  ./core/spiffs_cache.c.o ./core/spiffs_check.c.o ./core/spiffs_gc.c.o ./core/spiffs_hydrogen.c.o ./core/spiffs_nucleus.c.o  ./core/cdecode.c.o ./core/cencode.c.o  ./core/Esp.cpp.o ./core/FS.cpp.o ./core/HardwareSerial.cpp.o ./core/IPAddress.cpp.o ./core/MD5Builder.cpp.o ./core/Print.cpp.o ./core/Stream.cpp.o ./core/StreamString.cpp.o ./core/Tone.cpp.o ./core/Updater.cpp.o ./core/WMath.cpp.o ./core/WString.cpp.o ./core/abi.cpp.o ./core/base64.cpp.o ./core/cbuf.cpp.o ./core/cont.S.o ./core/cont_util.c.o ./core/core_esp8266_eboot_command.c.o ./core/core_esp8266_flash_utils.c.o ./core/core_esp8266_i2s.c.o ./core/core_esp8266_main.cpp.o ./core/core_esp8266_noniso.c.o ./core/core_esp8266_phy.c.o ./core/core_esp8266_postmortem.c.o ./core/core_esp8266_si2c.c.o ./core/core_esp8266_timer.c.o ./core/core_esp8266_wiring.c.o ./core/core_esp8266_wiring_analog.c.o ./core/core_esp8266_wiring_digital.c.o ./core/core_esp8266_wiring_pulse.c.o ./core/core_esp8266_wiring_pwm.c.o ./core/core_esp8266_wiring_shift.c.o ./core/debug.cpp.o ./core/heap.c.o ./core/libc_replacements.c.o ./core/pgmspace.cpp.o ./core/spiffs_api.cpp.o ./core/spiffs_hal.cpp.o ./core/time.c.o ./core/uart.c.o 
Finished building: arduino.ar
 
Starting combiner
"/Applications/sloeber.app/Contents/Eclipse/arduinoPlugin/tools/esp8266/xtensa-lx106-elf-gcc/1.20.0-26-gb404fb9-2/bin/xtensa-lx106-elf-gcc" -g -Os -nostdlib -Wl,--no-check-sections -u call_user_start -Wl,-static "-L/Applications/sloeber.app/Contents/Eclipse/arduinoPlugin/packages/esp8266/hardware/esp8266/2.2.0/tools/sdk/lib" "-L/Applications/sloeber.app/Contents/Eclipse/arduinoPlugin/packages/esp8266/hardware/esp8266/2.2.0/tools/sdk/ld" "-Teagle.flash.512k64.ld" -Wl,--gc-sections -Wl,-wrap,system_restart_local -Wl,-wrap,register_chipv6_phy  -o "/Users/nova3d-macmini03/Dropbox/Nova3d/rescue_bots_v2/workspace/rescue_bots_arduino/Release/rescue_bots_arduino.elf" -Wl,--start-group    ./.ino.cpp.o   arduino.ar   "/Users/nova3d-macmini03/Dropbox/Nova3d/rescue_bots_v2/workspace/rescue_bots_arduino/Release/arduino.ar" -lm -lgcc -lhal -lphy -lpp -lnet80211 -lwpa -lcrypto -lmain -lwps -laxtls -lsmartconfig -lmesh -lwpa2 -llwip -Wl,--end-group  "-L/Users/nova3d-macmini03/Dropbox/Nova3d/rescue_bots_v2/workspace/rescue_bots_arduino/Release"
Finished building: rescue_bots_arduino.elf
 
Create eeprom image
Finished building: rescue_bots_arduino.eep
 
Create Flash image (ihex format)
"/Applications/sloeber.app/Contents/Eclipse/arduinoPlugin/tools/esp8266/esptool/0.4.8/esptool" -eo "/Applications/sloeber.app/Contents/Eclipse/arduinoPlugin/packages/esp8266/hardware/esp8266/2.2.0/bootloaders/eboot/eboot.elf" -bo "/Users/nova3d-macmini03/Dropbox/Nova3d/rescue_bots_v2/workspace/rescue_bots_arduino/Release/rescue_bots_arduino.bin" -bm qio -bf 40 -bz 512K -bs .text -bp 4096 -ec -eo "/Users/nova3d-macmini03/Dropbox/Nova3d/rescue_bots_v2/workspace/rescue_bots_arduino/Release/rescue_bots_arduino.elf" -bs .irom0.text -bs .text -bs .data -bs .rodata -bc -ec
Finished building: rescue_bots_arduino.bin
 
Building target: rescue_bots_arduino
Printing size:
"/Applications/sloeber.app/Contents/Eclipse/arduinoPlugin/tools/esp8266/xtensa-lx106-elf-gcc/1.20.0-26-gb404fb9-2/bin/xtensa-lx106-elf-size" -A "/Users/nova3d-macmini03/Dropbox/Nova3d/rescue_bots_v2/workspace/rescue_bots_arduino/Release/rescue_bots_arduino.elf"
/Users/nova3d-macmini03/Dropbox/Nova3d/rescue_bots_v2/workspace/rescue_bots_arduino/Release/rescue_bots_arduino.elf  :
section                               size         addr
.data                                  900   1073643520
.rodata                               1108   1073644432
.bss                                 29528   1073645544
.irom0.text                         191572   1075843088
.text                                28133   1074790400
.debug_frame                         10260            0
.debug_info                          73600            0
.debug_abbrev                        14436            0
.debug_aranges                        3816            0
.debug_ranges                         5576            0
.debug_line                          50673            0
.debug_str                           15401            0
.comment                              6804            0
.xtensa.info                            56            0
.xt.lit._ZN14HardwareSerialD2Ev          8            0
.xt.lit._ZN14HardwareSerialD0Ev          0            0
.xt.prop._ZN6Stream9readBytesEPhj       36            0
.xt.prop._ZN14HardwareSerialD2Ev        36            0
.xt.prop._ZN14HardwareSerialD0Ev        36            0
.xt.prop._ZTV14HardwareSerial           12            0
.xt.lit._ZN5Print5writeEPKc              8            0
.xt.prop._ZN5Print5writeEPKc            48            0
.debug_loc                           42341            0
Total                               474388


Finished building target: rescue_bots_arduino
 
11:34:02 **** Incremental Build of configuration Release for project rescue_bots_arduino ****
make all 
Command canceled
13:59:04 **** Build of configuration Release for project rescue_bots_arduino ****
make all 
Command canceled
